<?xml version="1.0" ?>
<!DOCTYPE coverage SYSTEM "https://cobertura.sourceforge.net/xml/coverage-04.dtd">
<coverage branch-rate="0" branches-covered="0" branches-valid="0" complexity="0" line-rate="0.983155723616363" lines-covered="2860" lines-valid="2909" timestamp="1783830050" version="2.0.3">
    <sources>
        <source>/home/yahn/easy-vm/gems/sql-cov</source>
    </sources>
    <packages>
        <package line-rate="0.983155723616363" branch-rate="0" name="src" complexity="0">
            <classes>
                <class branch-rate="0" complexity="0" filename="src/driver.rs" line-rate="1" name="src.driver.rs">
                    <methods>
                        <method name="sql_cov::driver::cover_sqlite::{closure#0}::{closure#0}" signature="" complexity="0" line-rate="1" branch-rate="1">
                            <lines>
                                <line hits="88" number="145" branch="false"/>
                            </lines>
                        </method>
                        <method name="sql_cov::driver::cover_sqlite::{closure#0}::{closure#2}" signature="" complexity="0" line-rate="0" branch-rate="0">
                            <lines>
                                <line hits="0" number="167" branch="false"/>
                            </lines>
                        </method>
                        <method name="sql_cov::driver::cover_sqlite::{closure#0}::{closure#1}" signature="" complexity="0" line-rate="1" branch-rate="1">
                            <lines>
                                <line hits="2" number="156" branch="false"/>
                            </lines>
                        </method>
                        <method name="sql_cov::driver::cover_sqlite::{closure#0}::{closure#0}" signature="" complexity="0" line-rate="0" branch-rate="0">
                            <lines>
                                <line hits="0" number="145" branch="false"/>
                            </lines>
                        </method>
                        <method name="sql_cov::driver::cover_sqlite::{closure#0}::{closure#2}" signature="" complexity="0" line-rate="0" branch-rate="0">
                            <lines>
                                <line hits="0" number="167" branch="false"/>
                            </lines>
                        </method>
                        <method name="sql_cov::driver::cover_sqlite::{closure#0}::{closure#1}" signature="" complexity="0" line-rate="0" branch-rate="0">
                            <lines>
                                <line hits="0" number="156" branch="false"/>
                            </lines>
                        </method>
                        <method name="sql_cov::driver::mysql_pool::{closure#0}" signature="" complexity="0" line-rate="1" branch-rate="1">
                            <lines>
                                <line hits="1" number="93" branch="false"/>
                            </lines>
                        </method>
                        <method name="sql_cov::driver::cover_mysql::{closure#0}" signature="" complexity="0" line-rate="1" branch-rate="1">
                            <lines>
                                <line hits="1" number="282" branch="false"/>
                            </lines>
                        </method>
                        <method name="sql_cov::driver::sqlite_pool::{closure#0}" signature="" complexity="0" line-rate="1" branch-rate="1">
                            <lines>
                                <line hits="47" number="54" branch="false"/>
                            </lines>
                        </method>
                        <method name="sql_cov::driver::cover_sqlite::{closure#0}" signature="" complexity="0" line-rate="1" branch-rate="1">
                            <lines>
                                <line hits="23" number="142" branch="false"/>
                            </lines>
                        </method>
                        <method name="sql_cov::driver::postgres_pool::{closure#0}" signature="" complexity="0" line-rate="1" branch-rate="1">
                            <lines>
                                <line hits="1" number="74" branch="false"/>
                            </lines>
                        </method>
                        <method name="sql_cov::driver::cover_postgres::{closure#0}" signature="" complexity="0" line-rate="1" branch-rate="1">
                            <lines>
                                <line hits="1" number="225" branch="false"/>
                            </lines>
                        </method>
                        <method name="sql_cov::driver::execute_mysql_setup::{closure#0}" signature="" complexity="0" line-rate="0" branch-rate="0">
                            <lines>
                                <line hits="0" number="134" branch="false"/>
                            </lines>
                        </method>
                        <method name="sql_cov::driver::execute_sqlite_setup::{closure#0}" signature="" complexity="0" line-rate="1" branch-rate="1">
                            <lines>
                                <line hits="45" number="102" branch="false"/>
                            </lines>
                        </method>
                        <method name="sql_cov::driver::execute_postgres_setup::{closure#0}" signature="" complexity="0" line-rate="0" branch-rate="0">
                            <lines>
                                <line hits="0" number="120" branch="false"/>
                            </lines>
                        </method>
                        <method name="sql_cov::driver::mysql_pool::{closure#0}" signature="" complexity="0" line-rate="1" branch-rate="1">
                            <lines>
                                <line hits="2" number="93" branch="false"/>
                            </lines>
                        </method>
                        <method name="sql_cov::driver::cover_mysql::{closure#0}" signature="" complexity="0" line-rate="0" branch-rate="0">
                            <lines>
                                <line hits="0" number="282" branch="false"/>
                            </lines>
                        </method>
                        <method name="sql_cov::driver::sqlite_pool::{closure#0}" signature="" complexity="0" line-rate="0" branch-rate="0">
                            <lines>
                                <line hits="0" number="54" branch="false"/>
                            </lines>
                        </method>
                        <method name="sql_cov::driver::cover_sqlite::{closure#0}" signature="" complexity="0" line-rate="0" branch-rate="0">
                            <lines>
                                <line hits="0" number="142" branch="false"/>
                            </lines>
                        </method>
                        <method name="sql_cov::driver::postgres_pool::{closure#0}" signature="" complexity="0" line-rate="1" branch-rate="1">
                            <lines>
                                <line hits="2" number="74" branch="false"/>
                            </lines>
                        </method>
                        <method name="sql_cov::driver::cover_postgres::{closure#0}" signature="" complexity="0" line-rate="0" branch-rate="0">
                            <lines>
                                <line hits="0" number="225" branch="false"/>
                            </lines>
                        </method>
                        <method name="sql_cov::driver::execute_mysql_setup::{closure#0}" signature="" complexity="0" line-rate="1" branch-rate="1">
                            <lines>
                                <line hits="1" number="134" branch="false"/>
                            </lines>
                        </method>
                        <method name="sql_cov::driver::execute_sqlite_setup::{closure#0}" signature="" complexity="0" line-rate="0" branch-rate="0">
                            <lines>
                                <line hits="0" number="102" branch="false"/>
                            </lines>
                        </method>
                        <method name="sql_cov::driver::execute_postgres_setup::{closure#0}" signature="" complexity="0" line-rate="1" branch-rate="1">
                            <lines>
                                <line hits="1" number="120" branch="false"/>
                            </lines>
                        </method>
                        <method name="sql_cov::driver::tests::test_coverage_mock_paths::{closure#0}" signature="" complexity="0" line-rate="1" branch-rate="1">
                            <lines>
                                <line hits="1" number="421" branch="false"/>
                            </lines>
                        </method>
                        <method name="&lt;sql_cov::driver::ParameterValue&gt;::parse" signature="" complexity="0" line-rate="1" branch-rate="1">
                            <lines>
                                <line hits="120" number="24" branch="false"/>
                            </lines>
                        </method>
                        <method name="&lt;sql_cov::driver::ParameterValue&gt;::parse" signature="" complexity="0" line-rate="0" branch-rate="0">
                            <lines>
                                <line hits="0" number="24" branch="false"/>
                            </lines>
                        </method>
                        <method name="sql_cov::driver::mysql_pool" signature="" complexity="0" line-rate="1" branch-rate="1">
                            <lines>
                                <line hits="1" number="93" branch="false"/>
                            </lines>
                        </method>
                        <method name="sql_cov::driver::bind_sqlite" signature="" complexity="0" line-rate="1" branch-rate="1">
                            <lines>
                                <line hits="147" number="313" branch="false"/>
                            </lines>
                        </method>
                        <method name="sql_cov::driver::cover_mysql" signature="" complexity="0" line-rate="1" branch-rate="1">
                            <lines>
                                <line hits="1" number="278" branch="false"/>
                            </lines>
                        </method>
                        <method name="sql_cov::driver::sqlite_pool" signature="" complexity="0" line-rate="1" branch-rate="1">
                            <lines>
                                <line hits="47" number="54" branch="false"/>
                            </lines>
                        </method>
                        <method name="sql_cov::driver::cover_sqlite" signature="" complexity="0" line-rate="1" branch-rate="1">
                            <lines>
                                <line hits="23" number="138" branch="false"/>
                            </lines>
                        </method>
                        <method name="sql_cov::driver::postgres_pool" signature="" complexity="0" line-rate="1" branch-rate="1">
                            <lines>
                                <line hits="1" number="74" branch="false"/>
                            </lines>
                        </method>
                        <method name="sql_cov::driver::cover_postgres" signature="" complexity="0" line-rate="1" branch-rate="1">
                            <lines>
                                <line hits="1" number="221" branch="false"/>
                            </lines>
                        </method>
                        <method name="sql_cov::driver::execute_mysql_setup" signature="" complexity="0" line-rate="0" branch-rate="0">
                            <lines>
                                <line hits="0" number="134" branch="false"/>
                            </lines>
                        </method>
                        <method name="sql_cov::driver::execute_sqlite_setup" signature="" complexity="0" line-rate="1" branch-rate="1">
                            <lines>
                                <line hits="45" number="102" branch="false"/>
                            </lines>
                        </method>
                        <method name="sql_cov::driver::execute_postgres_setup" signature="" complexity="0" line-rate="0" branch-rate="0">
                            <lines>
                                <line hits="0" number="120" branch="false"/>
                            </lines>
                        </method>
                        <method name="sql_cov::driver::bind_mysql" signature="" complexity="0" line-rate="1" branch-rate="1">
                            <lines>
                                <line hits="8" number="345" branch="false"/>
                            </lines>
                        </method>
                        <method name="sql_cov::driver::mysql_pool" signature="" complexity="0" line-rate="1" branch-rate="1">
                            <lines>
                                <line hits="2" number="93" branch="false"/>
                            </lines>
                        </method>
                        <method name="sql_cov::driver::bind_sqlite" signature="" complexity="0" line-rate="1" branch-rate="1">
                            <lines>
                                <line hits="8" number="313" branch="false"/>
                            </lines>
                        </method>
                        <method name="sql_cov::driver::cover_mysql" signature="" complexity="0" line-rate="0" branch-rate="0">
                            <lines>
                                <line hits="0" number="278" branch="false"/>
                            </lines>
                        </method>
                        <method name="sql_cov::driver::sqlite_pool" signature="" complexity="0" line-rate="0" branch-rate="0">
                            <lines>
                                <line hits="0" number="54" branch="false"/>
                            </lines>
                        </method>
                        <method name="sql_cov::driver::cover_sqlite" signature="" complexity="0" line-rate="0" branch-rate="0">
                            <lines>
                                <line hits="0" number="138" branch="false"/>
                            </lines>
                        </method>
                        <method name="sql_cov::driver::bind_postgres" signature="" complexity="0" line-rate="1" branch-rate="1">
                            <lines>
                                <line hits="8" number="329" branch="false"/>
                            </lines>
                        </method>
                        <method name="sql_cov::driver::postgres_pool" signature="" complexity="0" line-rate="1" branch-rate="1">
                            <lines>
                                <line hits="2" number="74" branch="false"/>
                            </lines>
                        </method>
                        <method name="sql_cov::driver::cover_postgres" signature="" complexity="0" line-rate="0" branch-rate="0">
                            <lines>
                                <line hits="0" number="221" branch="false"/>
                            </lines>
                        </method>
                        <method name="sql_cov::driver::execute_mysql_setup" signature="" complexity="0" line-rate="1" branch-rate="1">
                            <lines>
                                <line hits="1" number="134" branch="false"/>
                            </lines>
                        </method>
                        <method name="sql_cov::driver::execute_sqlite_setup" signature="" complexity="0" line-rate="0" branch-rate="0">
                            <lines>
                                <line hits="0" number="102" branch="false"/>
                            </lines>
                        </method>
                        <method name="sql_cov::driver::execute_postgres_setup" signature="" complexity="0" line-rate="1" branch-rate="1">
                            <lines>
                                <line hits="1" number="120" branch="false"/>
                            </lines>
                        </method>
                        <method name="sql_cov::driver::tests::test_coverage_mock_paths" signature="" complexity="0" line-rate="1" branch-rate="1">
                            <lines>
                                <line hits="1" number="421" branch="false"/>
                            </lines>
                        </method>
                        <method name="sql_cov::driver::tests::test_bind_mysql_all_variants" signature="" complexity="0" line-rate="1" branch-rate="1">
                            <lines>
                                <line hits="1" number="402" branch="false"/>
                            </lines>
                        </method>
                        <method name="sql_cov::driver::tests::test_bind_sqlite_all_variants" signature="" complexity="0" line-rate="1" branch-rate="1">
                            <lines>
                                <line hits="1" number="366" branch="false"/>
                            </lines>
                        </method>
                        <method name="sql_cov::driver::tests::test_bind_postgres_all_variants" signature="" complexity="0" line-rate="1" branch-rate="1">
                            <lines>
                                <line hits="1" number="384" branch="false"/>
                            </lines>
                        </method>
                    </methods>
                    <lines>
                        <line branch="false" hits="120" number="24"/>
                        <line branch="false" hits="120" number="25"/>
                        <line branch="false" hits="8" number="26"/>
                        <line branch="false" hits="112" number="27"/>
                        <line branch="false" hits="112" number="28"/>
                        <line branch="false" hits="6" number="29"/>
                        <line branch="false" hits="106" number="30"/>
                        <line branch="false" hits="106" number="31"/>
                        <line branch="false" hits="4" number="32"/>
                        <line branch="false" hits="102" number="33"/>
                        <line branch="false" hits="102" number="34"/>
                        <line branch="false" hits="6" number="35"/>
                        <line branch="false" hits="96" number="36"/>
                        <line branch="false" hits="96" number="37"/>
                        <line branch="false" hits="28" number="38"/>
                        <line branch="false" hits="68" number="39"/>
                        <line branch="false" hits="68" number="40"/>
                        <line branch="false" hits="11" number="41"/>
                        <line branch="false" hits="57" number="42"/>
                        <line branch="false" hits="57" number="43"/>
                        <line branch="false" hits="8" number="45"/>
                        <line branch="false" hits="49" number="47"/>
                        <line branch="false" hits="49" number="48"/>
                        <line branch="false" hits="49" number="49"/>
                        <line branch="false" hits="49" number="50"/>
                        <line branch="false" hits="120" number="51"/>
                        <line branch="false" hits="47" number="54"/>
                        <line branch="false" hits="47" number="55"/>
                        <line branch="false" hits="47" number="56"/>
                        <line branch="false" hits="47" number="57"/>
                        <line branch="false" hits="47" number="58"/>
                        <line branch="false" hits="47" number="59"/>
                        <line branch="false" hits="47" number="60"/>
                        <line branch="false" hits="47" number="61"/>
                        <line branch="false" hits="47" number="62"/>
                        <line branch="false" hits="3" number="74"/>
                        <line branch="false" hits="3" number="75"/>
                        <line branch="false" hits="1" number="76"/>
                        <line branch="false" hits="2" number="77"/>
                        <line branch="false" hits="2" number="78"/>
                        <line branch="false" hits="2" number="79"/>
                        <line branch="false" hits="2" number="80"/>
                        <line branch="false" hits="3" number="81"/>
                        <line branch="false" hits="3" number="93"/>
                        <line branch="false" hits="3" number="94"/>
                        <line branch="false" hits="1" number="95"/>
                        <line branch="false" hits="2" number="96"/>
                        <line branch="false" hits="2" number="97"/>
                        <line branch="false" hits="2" number="98"/>
                        <line branch="false" hits="2" number="99"/>
                        <line branch="false" hits="3" number="100"/>
                        <line branch="false" hits="45" number="102"/>
                        <line branch="false" hits="45" number="103"/>
                        <line branch="false" hits="45" number="104"/>
                        <line branch="false" hits="45" number="105"/>
                        <line branch="false" hits="45" number="106"/>
                        <line branch="false" hits="45" number="107"/>
                        <line branch="false" hits="45" number="108"/>
                        <line branch="false" hits="1" number="120"/>
                        <line branch="false" hits="1" number="121"/>
                        <line branch="false" hits="1" number="122"/>
                        <line branch="false" hits="1" number="134"/>
                        <line branch="false" hits="1" number="135"/>
                        <line branch="false" hits="1" number="136"/>
                        <line branch="false" hits="23" number="138"/>
                        <line branch="false" hits="23" number="139"/>
                        <line branch="false" hits="23" number="140"/>
                        <line branch="false" hits="23" number="141"/>
                        <line branch="false" hits="23" number="142"/>
                        <line branch="false" hits="23" number="143"/>
                        <line branch="false" hits="23" number="144"/>
                        <line branch="false" hits="88" number="145"/>
                        <line branch="false" hits="23" number="146"/>
                        <line branch="false" hits="23" number="147"/>
                        <line branch="false" hits="23" number="148"/>
                        <line branch="false" hits="23" number="149"/>
                        <line branch="false" hits="88" number="150"/>
                        <line branch="false" hits="88" number="151"/>
                        <line branch="false" hits="88" number="152"/>
                        <line branch="false" hits="23" number="153"/>
                        <line branch="false" hits="23" number="154"/>
                        <line branch="false" hits="23" number="155"/>
                        <line branch="false" hits="23" number="156"/>
                        <line branch="false" hits="21" number="157"/>
                        <line branch="false" hits="31" number="159"/>
                        <line branch="false" hits="31" number="160"/>
                        <line branch="false" hits="59" number="161"/>
                        <line branch="false" hits="59" number="162"/>
                        <line branch="false" hits="59" number="163"/>
                        <line branch="false" hits="31" number="164"/>
                        <line branch="false" hits="31" number="165"/>
                        <line branch="false" hits="31" number="166"/>
                        <line branch="false" hits="31" number="167"/>
                        <line branch="false" hits="83" number="168"/>
                        <line branch="false" hits="83" number="169"/>
                        <line branch="false" hits="83" number="170"/>
                        <line branch="false" hits="83" number="171"/>
                        <line branch="false" hits="83" number="172"/>
                        <line branch="false" hits="83" number="173"/>
                        <line branch="false" hits="83" number="174"/>
                        <line branch="false" hits="83" number="175"/>
                        <line branch="false" hits="83" number="176"/>
                        <line branch="false" hits="83" number="177"/>
                        <line branch="false" hits="83" number="178"/>
                        <line branch="false" hits="21" number="181"/>
                        <line branch="false" hits="23" number="182"/>
                        <line branch="false" hits="1" number="221"/>
                        <line branch="false" hits="1" number="222"/>
                        <line branch="false" hits="1" number="223"/>
                        <line branch="false" hits="1" number="224"/>
                        <line branch="false" hits="1" number="225"/>
                        <line branch="false" hits="1" number="226"/>
                        <line branch="false" hits="1" number="227"/>
                        <line branch="false" hits="1" number="228"/>
                        <line branch="false" hits="1" number="229"/>
                        <line branch="false" hits="1" number="278"/>
                        <line branch="false" hits="1" number="279"/>
                        <line branch="false" hits="1" number="280"/>
                        <line branch="false" hits="1" number="281"/>
                        <line branch="false" hits="1" number="282"/>
                        <line branch="false" hits="1" number="283"/>
                        <line branch="false" hits="1" number="284"/>
                        <line branch="false" hits="1" number="285"/>
                        <line branch="false" hits="1" number="286"/>
                        <line branch="false" hits="155" number="313"/>
                        <line branch="false" hits="155" number="314"/>
                        <line branch="false" hits="155" number="315"/>
                        <line branch="false" hits="155" number="316"/>
                        <line branch="false" hits="155" number="317"/>
                        <line branch="false" hits="91" number="318"/>
                        <line branch="false" hits="38" number="319"/>
                        <line branch="false" hits="8" number="320"/>
                        <line branch="false" hits="3" number="321"/>
                        <line branch="false" hits="6" number="322"/>
                        <line branch="false" hits="3" number="323"/>
                        <line branch="false" hits="3" number="324"/>
                        <line branch="false" hits="3" number="325"/>
                        <line branch="false" hits="155" number="327"/>
                        <line branch="false" hits="8" number="329"/>
                        <line branch="false" hits="8" number="330"/>
                        <line branch="false" hits="8" number="331"/>
                        <line branch="false" hits="8" number="332"/>
                        <line branch="false" hits="8" number="333"/>
                        <line branch="false" hits="1" number="334"/>
                        <line branch="false" hits="1" number="335"/>
                        <line branch="false" hits="1" number="336"/>
                        <line branch="false" hits="1" number="337"/>
                        <line branch="false" hits="1" number="338"/>
                        <line branch="false" hits="1" number="339"/>
                        <line branch="false" hits="1" number="340"/>
                        <line branch="false" hits="1" number="341"/>
                        <line branch="false" hits="8" number="343"/>
                        <line branch="false" hits="8" number="345"/>
                        <line branch="false" hits="8" number="346"/>
                        <line branch="false" hits="8" number="347"/>
                        <line branch="false" hits="8" number="348"/>
                        <line branch="false" hits="8" number="349"/>
                        <line branch="false" hits="1" number="350"/>
                        <line branch="false" hits="1" number="351"/>
                        <line branch="false" hits="1" number="352"/>
                        <line branch="false" hits="1" number="353"/>
                        <line branch="false" hits="1" number="354"/>
                        <line branch="false" hits="1" number="355"/>
                        <line branch="false" hits="1" number="356"/>
                        <line branch="false" hits="1" number="357"/>
                        <line branch="false" hits="8" number="359"/>
                        <line branch="false" hits="1" number="366"/>
                        <line branch="false" hits="1" number="367"/>
                        <line branch="false" hits="1" number="368"/>
                        <line branch="false" hits="1" number="369"/>
                        <line branch="false" hits="1" number="370"/>
                        <line branch="false" hits="1" number="371"/>
                        <line branch="false" hits="1" number="372"/>
                        <line branch="false" hits="1" number="373"/>
                        <line branch="false" hits="1" number="374"/>
                        <line branch="false" hits="1" number="375"/>
                        <line branch="false" hits="8" number="377"/>
                        <line branch="false" hits="8" number="378"/>
                        <line branch="false" hits="8" number="379"/>
                        <line branch="false" hits="8" number="380"/>
                        <line branch="false" hits="1" number="381"/>
                        <line branch="false" hits="1" number="384"/>
                        <line branch="false" hits="1" number="385"/>
                        <line branch="false" hits="1" number="386"/>
                        <line branch="false" hits="1" number="387"/>
                        <line branch="false" hits="1" number="388"/>
                        <line branch="false" hits="1" number="389"/>
                        <line branch="false" hits="1" number="390"/>
                        <line branch="false" hits="1" number="391"/>
                        <line branch="false" hits="1" number="392"/>
                        <line branch="false" hits="1" number="393"/>
                        <line branch="false" hits="8" number="395"/>
                        <line branch="false" hits="8" number="396"/>
                        <line branch="false" hits="8" number="397"/>
                        <line branch="false" hits="8" number="398"/>
                        <line branch="false" hits="1" number="399"/>
                        <line branch="false" hits="1" number="402"/>
                        <line branch="false" hits="1" number="403"/>
                        <line branch="false" hits="1" number="404"/>
                        <line branch="false" hits="1" number="405"/>
                        <line branch="false" hits="1" number="406"/>
                        <line branch="false" hits="1" number="407"/>
                        <line branch="false" hits="1" number="408"/>
                        <line branch="false" hits="1" number="409"/>
                        <line branch="false" hits="1" number="410"/>
                        <line branch="false" hits="1" number="411"/>
                        <line branch="false" hits="8" number="413"/>
                        <line branch="false" hits="8" number="414"/>
                        <line branch="false" hits="8" number="415"/>
                        <line branch="false" hits="8" number="416"/>
                        <line branch="false" hits="1" number="417"/>
                        <line branch="false" hits="1" number="421"/>
                        <line branch="false" hits="1" number="422"/>
                        <line branch="false" hits="1" number="423"/>
                        <line branch="false" hits="1" number="424"/>
                        <line branch="false" hits="1" number="425"/>
                        <line branch="false" hits="1" number="426"/>
                    </lines>
                </class>
                <class branch-rate="0" complexity="0" filename="src/reporter.rs" line-rate="1" name="src.reporter.rs">
                    <methods>
                        <method name="sql_cov::reporter::html::{closure#0}" signature="" complexity="0" line-rate="1" branch-rate="1">
                            <lines>
                                <line hits="1" number="97" branch="false"/>
                            </lines>
                        </method>
                        <method name="sql_cov::reporter::lcov::{closure#0}" signature="" complexity="0" line-rate="0" branch-rate="0">
                            <lines>
                                <line hits="0" number="16" branch="false"/>
                            </lines>
                        </method>
                        <method name="sql_cov::reporter::lcov::{closure#2}" signature="" complexity="0" line-rate="1" branch-rate="1">
                            <lines>
                                <line hits="6" number="49" branch="false"/>
                            </lines>
                        </method>
                        <method name="sql_cov::reporter::html::{closure#0}" signature="" complexity="0" line-rate="0" branch-rate="0">
                            <lines>
                                <line hits="0" number="97" branch="false"/>
                            </lines>
                        </method>
                        <method name="sql_cov::reporter::lcov::{closure#0}" signature="" complexity="0" line-rate="0" branch-rate="0">
                            <lines>
                                <line hits="0" number="16" branch="false"/>
                            </lines>
                        </method>
                        <method name="sql_cov::reporter::lcov::{closure#2}" signature="" complexity="0" line-rate="0" branch-rate="0">
                            <lines>
                                <line hits="0" number="49" branch="false"/>
                            </lines>
                        </method>
                        <method name="sql_cov::reporter::highlighted_source" signature="" complexity="0" line-rate="1" branch-rate="1">
                            <lines>
                                <line hits="4" number="105" branch="false"/>
                            </lines>
                        </method>
                        <method name="sql_cov::reporter::push_source_segment" signature="" complexity="0" line-rate="1" branch-rate="1">
                            <lines>
                                <line hits="10" number="142" branch="false"/>
                            </lines>
                        </method>
                        <method name="sql_cov::reporter::html" signature="" complexity="0" line-rate="1" branch-rate="1">
                            <lines>
                                <line hits="4" number="54" branch="false"/>
                            </lines>
                        </method>
                        <method name="sql_cov::reporter::json" signature="" complexity="0" line-rate="1" branch-rate="1">
                            <lines>
                                <line hits="4" number="5" branch="false"/>
                            </lines>
                        </method>
                        <method name="sql_cov::reporter::lcov" signature="" complexity="0" line-rate="1" branch-rate="1">
                            <lines>
                                <line hits="3" number="9" branch="false"/>
                            </lines>
                        </method>
                        <method name="sql_cov::reporter::highlighted_source" signature="" complexity="0" line-rate="1" branch-rate="1">
                            <lines>
                                <line hits="2" number="105" branch="false"/>
                            </lines>
                        </method>
                        <method name="sql_cov::reporter::push_source_segment" signature="" complexity="0" line-rate="1" branch-rate="1">
                            <lines>
                                <line hits="3" number="142" branch="false"/>
                            </lines>
                        </method>
                        <method name="sql_cov::reporter::html" signature="" complexity="0" line-rate="1" branch-rate="1">
                            <lines>
                                <line hits="2" number="54" branch="false"/>
                            </lines>
                        </method>
                        <method name="sql_cov::reporter::json" signature="" complexity="0" line-rate="0" branch-rate="0">
                            <lines>
                                <line hits="0" number="5" branch="false"/>
                            </lines>
                        </method>
                        <method name="sql_cov::reporter::lcov" signature="" complexity="0" line-rate="0" branch-rate="0">
                            <lines>
                                <line hits="0" number="9" branch="false"/>
                            </lines>
                        </method>
                        <method name="sql_cov::reporter::tests::test_reporter_edge_cases" signature="" complexity="0" line-rate="1" branch-rate="1">
                            <lines>
                                <line hits="1" number="163" branch="false"/>
                            </lines>
                        </method>
                    </methods>
                    <lines>
                        <line branch="false" hits="4" number="5"/>
                        <line branch="false" hits="4" number="6"/>
                        <line branch="false" hits="4" number="7"/>
                        <line branch="false" hits="3" number="9"/>
                        <line branch="false" hits="3" number="10"/>
                        <line branch="false" hits="3" number="11"/>
                        <line branch="false" hits="3" number="12"/>
                        <line branch="false" hits="6" number="13"/>
                        <line branch="false" hits="6" number="14"/>
                        <line branch="false" hits="6" number="15"/>
                        <line branch="false" hits="6" number="16"/>
                        <line branch="false" hits="6" number="17"/>
                        <line branch="false" hits="3" number="20"/>
                        <line branch="false" hits="3" number="21"/>
                        <line branch="false" hits="9" number="22"/>
                        <line branch="false" hits="9" number="23"/>
                        <line branch="false" hits="9" number="24"/>
                        <line branch="false" hits="9" number="25"/>
                        <line branch="false" hits="9" number="26"/>
                        <line branch="false" hits="9" number="27"/>
                        <line branch="false" hits="9" number="28"/>
                        <line branch="false" hits="27" number="29"/>
                        <line branch="false" hits="27" number="30"/>
                        <line branch="false" hits="5" number="31"/>
                        <line branch="false" hits="22" number="33"/>
                        <line branch="false" hits="27" number="35"/>
                        <line branch="false" hits="27" number="36"/>
                        <line branch="false" hits="27" number="37"/>
                        <line branch="false" hits="27" number="38"/>
                        <line branch="false" hits="27" number="39"/>
                        <line branch="false" hits="27" number="40"/>
                        <line branch="false" hits="6" number="43"/>
                        <line branch="false" hits="6" number="44"/>
                        <line branch="false" hits="6" number="45"/>
                        <line branch="false" hits="3" number="46"/>
                        <line branch="false" hits="3" number="48"/>
                        <line branch="false" hits="6" number="49"/>
                        <line branch="false" hits="3" number="51"/>
                        <line branch="false" hits="3" number="52"/>
                        <line branch="false" hits="6" number="54"/>
                        <line branch="false" hits="6" number="55"/>
                        <line branch="false" hits="6" number="56"/>
                        <line branch="false" hits="6" number="57"/>
                        <line branch="false" hits="2" number="58"/>
                        <line branch="false" hits="4" number="60"/>
                        <line branch="false" hits="6" number="62"/>
                        <line branch="false" hits="14" number="63"/>
                        <line branch="false" hits="14" number="64"/>
                        <line branch="false" hits="2" number="65"/>
                        <line branch="false" hits="12" number="66"/>
                        <line branch="false" hits="1" number="67"/>
                        <line branch="false" hits="11" number="68"/>
                        <line branch="false" hits="7" number="69"/>
                        <line branch="false" hits="4" number="71"/>
                        <line branch="false" hits="14" number="73"/>
                        <line branch="false" hits="14" number="74"/>
                        <line branch="false" hits="14" number="75"/>
                        <line branch="false" hits="14" number="76"/>
                        <line branch="false" hits="14" number="77"/>
                        <line branch="false" hits="14" number="78"/>
                        <line branch="false" hits="14" number="79"/>
                        <line branch="false" hits="14" number="80"/>
                        <line branch="false" hits="14" number="81"/>
                        <line branch="false" hits="6" number="83"/>
                        <line branch="false" hits="6" number="87"/>
                        <line branch="false" hits="6" number="88"/>
                        <line branch="false" hits="6" number="89"/>
                        <line branch="false" hits="5" number="90"/>
                        <line branch="false" hits="1" number="92"/>
                        <line branch="false" hits="1" number="94"/>
                        <line branch="false" hits="1" number="95"/>
                        <line branch="false" hits="1" number="96"/>
                        <line branch="false" hits="1" number="97"/>
                        <line branch="false" hits="1" number="98"/>
                        <line branch="false" hits="6" number="101"/>
                        <line branch="false" hits="6" number="103"/>
                        <line branch="false" hits="6" number="105"/>
                        <line branch="false" hits="6" number="106"/>
                        <line branch="false" hits="14" number="107"/>
                        <line branch="false" hits="14" number="108"/>
                        <line branch="false" hits="2" number="109"/>
                        <line branch="false" hits="12" number="110"/>
                        <line branch="false" hits="1" number="111"/>
                        <line branch="false" hits="11" number="112"/>
                        <line branch="false" hits="7" number="113"/>
                        <line branch="false" hits="4" number="115"/>
                        <line branch="false" hits="14" number="117"/>
                        <line branch="false" hits="158" number="118"/>
                        <line branch="false" hits="158" number="119"/>
                        <line branch="false" hits="158" number="120"/>
                        <line branch="false" hits="6" number="123"/>
                        <line branch="false" hits="6" number="124"/>
                        <line branch="false" hits="6" number="125"/>
                        <line branch="false" hits="184" number="126"/>
                        <line branch="false" hits="184" number="127"/>
                        <line branch="false" hits="184" number="128"/>
                        <line branch="false" hits="7" number="129"/>
                        <line branch="false" hits="7" number="130"/>
                        <line branch="false" hits="7" number="131"/>
                        <line branch="false" hits="7" number="132"/>
                        <line branch="false" hits="7" number="133"/>
                        <line branch="false" hits="7" number="134"/>
                        <line branch="false" hits="7" number="135"/>
                        <line branch="false" hits="177" number="136"/>
                        <line branch="false" hits="6" number="138"/>
                        <line branch="false" hits="6" number="139"/>
                        <line branch="false" hits="6" number="140"/>
                        <line branch="false" hits="13" number="142"/>
                        <line branch="false" hits="13" number="143"/>
                        <line branch="false" hits="13" number="144"/>
                        <line branch="false" hits="1" number="145"/>
                        <line branch="false" hits="2" number="146"/>
                        <line branch="false" hits="1" number="147"/>
                        <line branch="false" hits="1" number="148"/>
                        <line branch="false" hits="8" number="150"/>
                        <line branch="false" hits="8" number="151"/>
                        <line branch="false" hits="5" number="154"/>
                        <line branch="false" hits="13" number="155"/>
                        <line branch="false" hits="1" number="163"/>
                        <line branch="false" hits="1" number="164"/>
                        <line branch="false" hits="1" number="165"/>
                        <line branch="false" hits="1" number="166"/>
                        <line branch="false" hits="1" number="167"/>
                        <line branch="false" hits="1" number="168"/>
                        <line branch="false" hits="1" number="169"/>
                        <line branch="false" hits="1" number="170"/>
                        <line branch="false" hits="1" number="171"/>
                        <line branch="false" hits="1" number="172"/>
                        <line branch="false" hits="1" number="174"/>
                        <line branch="false" hits="1" number="175"/>
                        <line branch="false" hits="1" number="177"/>
                        <line branch="false" hits="1" number="178"/>
                        <line branch="false" hits="1" number="179"/>
                        <line branch="false" hits="1" number="180"/>
                        <line branch="false" hits="1" number="181"/>
                        <line branch="false" hits="1" number="182"/>
                        <line branch="false" hits="1" number="183"/>
                        <line branch="false" hits="1" number="184"/>
                        <line branch="false" hits="1" number="185"/>
                        <line branch="false" hits="1" number="186"/>
                        <line branch="false" hits="1" number="187"/>
                        <line branch="false" hits="1" number="188"/>
                        <line branch="false" hits="1" number="189"/>
                        <line branch="false" hits="1" number="190"/>
                        <line branch="false" hits="1" number="191"/>
                        <line branch="false" hits="1" number="192"/>
                        <line branch="false" hits="1" number="193"/>
                        <line branch="false" hits="1" number="194"/>
                        <line branch="false" hits="1" number="195"/>
                        <line branch="false" hits="1" number="196"/>
                        <line branch="false" hits="1" number="197"/>
                        <line branch="false" hits="1" number="198"/>
                        <line branch="false" hits="1" number="199"/>
                    </lines>
                </class>
                <class branch-rate="0" complexity="0" filename="src/sarif.rs" line-rate="0.9596774193548387" name="src.sarif.rs">
                    <methods>
                        <method name="sql_cov::sarif::hazard_sarif::{closure#0}" signature="" complexity="0" line-rate="1" branch-rate="1">
                            <lines>
                                <line hits="6" number="16" branch="false"/>
                            </lines>
                        </method>
                        <method name="sql_cov::sarif::hazard_sarif::{closure#2}" signature="" complexity="0" line-rate="1" branch-rate="1">
                            <lines>
                                <line hits="2" number="66" branch="false"/>
                            </lines>
                        </method>
                        <method name="sql_cov::sarif::hazard_sarif::{closure#3}" signature="" complexity="0" line-rate="1" branch-rate="1">
                            <lines>
                                <line hits="2" number="66" branch="false"/>
                            </lines>
                        </method>
                        <method name="sql_cov::sarif::hazard_sarif::{closure#4}" signature="" complexity="0" line-rate="1" branch-rate="1">
                            <lines>
                                <line hits="2" number="66" branch="false"/>
                            </lines>
                        </method>
                        <method name="sql_cov::sarif::hazard_sarif::{closure#5}" signature="" complexity="0" line-rate="1" branch-rate="1">
                            <lines>
                                <line hits="3" number="68" branch="false"/>
                            </lines>
                        </method>
                        <method name="sql_cov::sarif::hazard_sarif::{closure#6}" signature="" complexity="0" line-rate="0" branch-rate="0">
                            <lines>
                                <line hits="0" number="76" branch="false"/>
                            </lines>
                        </method>
                        <method name="sql_cov::sarif::hazard_sarif::{closure#7}" signature="" complexity="0" line-rate="1" branch-rate="1">
                            <lines>
                                <line hits="2" number="86" branch="false"/>
                            </lines>
                        </method>
                        <method name="sql_cov::sarif::hazard_sarif::{closure#8}" signature="" complexity="0" line-rate="1" branch-rate="1">
                            <lines>
                                <line hits="3" number="88" branch="false"/>
                            </lines>
                        </method>
                        <method name="sql_cov::sarif::hazard_sarif::{closure#9}" signature="" complexity="0" line-rate="0" branch-rate="0">
                            <lines>
                                <line hits="0" number="96" branch="false"/>
                            </lines>
                        </method>
                        <method name="sql_cov::sarif::hazard_sarif::{closure#1}" signature="" complexity="0" line-rate="1" branch-rate="1">
                            <lines>
                                <line hits="2" number="63" branch="false"/>
                            </lines>
                        </method>
                        <method name="sql_cov::sarif::hazard_sarif::{closure#0}" signature="" complexity="0" line-rate="0" branch-rate="0">
                            <lines>
                                <line hits="0" number="16" branch="false"/>
                            </lines>
                        </method>
                        <method name="sql_cov::sarif::hazard_sarif::{closure#2}" signature="" complexity="0" line-rate="1" branch-rate="1">
                            <lines>
                                <line hits="1" number="66" branch="false"/>
                            </lines>
                        </method>
                        <method name="sql_cov::sarif::hazard_sarif::{closure#3}" signature="" complexity="0" line-rate="1" branch-rate="1">
                            <lines>
                                <line hits="1" number="66" branch="false"/>
                            </lines>
                        </method>
                        <method name="sql_cov::sarif::hazard_sarif::{closure#4}" signature="" complexity="0" line-rate="1" branch-rate="1">
                            <lines>
                                <line hits="1" number="66" branch="false"/>
                            </lines>
                        </method>
                        <method name="sql_cov::sarif::hazard_sarif::{closure#5}" signature="" complexity="0" line-rate="1" branch-rate="1">
                            <lines>
                                <line hits="1" number="68" branch="false"/>
                            </lines>
                        </method>
                        <method name="sql_cov::sarif::hazard_sarif::{closure#6}" signature="" complexity="0" line-rate="1" branch-rate="1">
                            <lines>
                                <line hits="1" number="76" branch="false"/>
                            </lines>
                        </method>
                        <method name="sql_cov::sarif::hazard_sarif::{closure#7}" signature="" complexity="0" line-rate="1" branch-rate="1">
                            <lines>
                                <line hits="1" number="86" branch="false"/>
                            </lines>
                        </method>
                        <method name="sql_cov::sarif::hazard_sarif::{closure#8}" signature="" complexity="0" line-rate="1" branch-rate="1">
                            <lines>
                                <line hits="1" number="88" branch="false"/>
                            </lines>
                        </method>
                        <method name="sql_cov::sarif::hazard_sarif::{closure#9}" signature="" complexity="0" line-rate="1" branch-rate="1">
                            <lines>
                                <line hits="1" number="96" branch="false"/>
                            </lines>
                        </method>
                        <method name="sql_cov::sarif::hazard_sarif::{closure#1}" signature="" complexity="0" line-rate="1" branch-rate="1">
                            <lines>
                                <line hits="1" number="63" branch="false"/>
                            </lines>
                        </method>
                        <method name="sql_cov::sarif::hazard_json" signature="" complexity="0" line-rate="1" branch-rate="1">
                            <lines>
                                <line hits="4" number="6" branch="false"/>
                            </lines>
                        </method>
                        <method name="sql_cov::sarif::hazard_sarif" signature="" complexity="0" line-rate="1" branch-rate="1">
                            <lines>
                                <line hits="6" number="10" branch="false"/>
                            </lines>
                        </method>
                        <method name="sql_cov::sarif::hazard_json" signature="" complexity="0" line-rate="0" branch-rate="0">
                            <lines>
                                <line hits="0" number="6" branch="false"/>
                            </lines>
                        </method>
                        <method name="sql_cov::sarif::hazard_sarif" signature="" complexity="0" line-rate="1" branch-rate="1">
                            <lines>
                                <line hits="1" number="10" branch="false"/>
                            </lines>
                        </method>
                        <method name="sql_cov::sarif::tests::test_merge_sarif_without_properties" signature="" complexity="0" line-rate="1" branch-rate="1">
                            <lines>
                                <line hits="1" number="137" branch="false"/>
                            </lines>
                        </method>
                    </methods>
                    <lines>
                        <line branch="false" hits="4" number="6"/>
                        <line branch="false" hits="4" number="7"/>
                        <line branch="false" hits="4" number="8"/>
                        <line branch="false" hits="7" number="10"/>
                        <line branch="false" hits="7" number="11"/>
                        <line branch="false" hits="7" number="12"/>
                        <line branch="false" hits="7" number="15"/>
                        <line branch="false" hits="6" number="16"/>
                        <line branch="false" hits="6" number="17"/>
                        <line branch="false" hits="6" number="18"/>
                        <line branch="false" hits="6" number="19"/>
                        <line branch="false" hits="6" number="20"/>
                        <line branch="false" hits="6" number="21"/>
                        <line branch="false" hits="6" number="22"/>
                        <line branch="false" hits="6" number="23"/>
                        <line branch="false" hits="6" number="24"/>
                        <line branch="false" hits="6" number="25"/>
                        <line branch="false" hits="6" number="26"/>
                        <line branch="false" hits="6" number="29"/>
                        <line branch="false" hits="6" number="31"/>
                        <line branch="false" hits="6" number="32"/>
                        <line branch="false" hits="6" number="33"/>
                        <line branch="false" hits="6" number="34"/>
                        <line branch="false" hits="6" number="35"/>
                        <line branch="false" hits="6" number="37"/>
                        <line branch="false" hits="6" number="38"/>
                        <line branch="false" hits="6" number="39"/>
                        <line branch="false" hits="6" number="40"/>
                        <line branch="false" hits="6" number="41"/>
                        <line branch="false" hits="6" number="42"/>
                        <line branch="false" hits="6" number="43"/>
                        <line branch="false" hits="6" number="44"/>
                        <line branch="false" hits="6" number="45"/>
                        <line branch="false" hits="6" number="49"/>
                        <line branch="false" hits="6" number="50"/>
                        <line branch="false" hits="6" number="51"/>
                        <line branch="false" hits="6" number="52"/>
                        <line branch="false" hits="6" number="53"/>
                        <line branch="false" hits="6" number="54"/>
                        <line branch="false" hits="6" number="55"/>
                        <line branch="false" hits="7" number="61"/>
                        <line branch="false" hits="4" number="62"/>
                        <line branch="false" hits="4" number="63"/>
                        <line branch="false" hits="3" number="64"/>
                        <line branch="false" hits="3" number="66"/>
                        <line branch="false" hits="4" number="67"/>
                        <line branch="false" hits="4" number="68"/>
                        <line branch="false" hits="4" number="69"/>
                        <line branch="false" hits="4" number="70"/>
                        <line branch="false" hits="2" number="71"/>
                        <line branch="false" hits="1" number="72"/>
                        <line branch="false" hits="4" number="74"/>
                        <line branch="false" hits="4" number="75"/>
                        <line branch="false" hits="4" number="76"/>
                        <line branch="false" hits="4" number="77"/>
                        <line branch="false" hits="4" number="78"/>
                        <line branch="false" hits="4" number="79"/>
                        <line branch="false" hits="0" number="80"/>
                        <line branch="false" hits="4" number="81"/>
                        <line branch="false" hits="0" number="83"/>
                        <line branch="false" hits="3" number="86"/>
                        <line branch="false" hits="4" number="87"/>
                        <line branch="false" hits="4" number="88"/>
                        <line branch="false" hits="4" number="89"/>
                        <line branch="false" hits="4" number="90"/>
                        <line branch="false" hits="2" number="91"/>
                        <line branch="false" hits="1" number="92"/>
                        <line branch="false" hits="4" number="94"/>
                        <line branch="false" hits="4" number="95"/>
                        <line branch="false" hits="4" number="96"/>
                        <line branch="false" hits="4" number="97"/>
                        <line branch="false" hits="4" number="98"/>
                        <line branch="false" hits="4" number="99"/>
                        <line branch="false" hits="0" number="100"/>
                        <line branch="false" hits="4" number="101"/>
                        <line branch="false" hits="0" number="103"/>
                        <line branch="false" hits="1" number="105"/>
                        <line branch="false" hits="0" number="106"/>
                        <line branch="false" hits="3" number="107"/>
                        <line branch="false" hits="7" number="109"/>
                        <line branch="false" hits="7" number="110"/>
                        <line branch="false" hits="7" number="111"/>
                        <line branch="false" hits="7" number="112"/>
                        <line branch="false" hits="7" number="113"/>
                        <line branch="false" hits="7" number="114"/>
                        <line branch="false" hits="7" number="115"/>
                        <line branch="false" hits="7" number="116"/>
                        <line branch="false" hits="7" number="117"/>
                        <line branch="false" hits="7" number="118"/>
                        <line branch="false" hits="7" number="121"/>
                        <line branch="false" hits="7" number="122"/>
                        <line branch="false" hits="7" number="123"/>
                        <line branch="false" hits="7" number="124"/>
                        <line branch="false" hits="7" number="125"/>
                        <line branch="false" hits="7" number="129"/>
                        <line branch="false" hits="7" number="130"/>
                        <line branch="false" hits="1" number="137"/>
                        <line branch="false" hits="1" number="138"/>
                        <line branch="false" hits="1" number="139"/>
                        <line branch="false" hits="1" number="140"/>
                        <line branch="false" hits="1" number="141"/>
                        <line branch="false" hits="1" number="142"/>
                        <line branch="false" hits="1" number="143"/>
                        <line branch="false" hits="1" number="144"/>
                        <line branch="false" hits="1" number="145"/>
                        <line branch="false" hits="1" number="150"/>
                        <line branch="false" hits="1" number="151"/>
                        <line branch="false" hits="1" number="152"/>
                        <line branch="false" hits="1" number="157"/>
                        <line branch="false" hits="1" number="159"/>
                        <line branch="false" hits="1" number="160"/>
                        <line branch="false" hits="1" number="161"/>
                        <line branch="false" hits="1" number="162"/>
                        <line branch="false" hits="1" number="163"/>
                        <line branch="false" hits="1" number="164"/>
                        <line branch="false" hits="1" number="165"/>
                        <line branch="false" hits="1" number="167"/>
                        <line branch="false" hits="1" number="168"/>
                        <line branch="false" hits="1" number="171"/>
                        <line branch="false" hits="1" number="172"/>
                        <line branch="false" hits="1" number="173"/>
                        <line branch="false" hits="1" number="175"/>
                        <line branch="false" hits="1" number="176"/>
                        <line branch="false" hits="1" number="177"/>
                    </lines>
                </class>
                <class branch-rate="0" complexity="0" filename="src/instrument.rs" line-rate="1" name="src.instrument.rs">
                    <methods>
                        <method name="sql_cov::instrument::telemetry_query::{closure#0}::{closure#0}" signature="" complexity="0" line-rate="1" branch-rate="1">
                            <lines>
                                <line hits="86" number="30" branch="false"/>
                            </lines>
                        </method>
                        <method name="sql_cov::instrument::telemetry_query::{closure#0}::{closure#0}" signature="" complexity="0" line-rate="1" branch-rate="1">
                            <lines>
                                <line hits="1" number="30" branch="false"/>
                            </lines>
                        </method>
                        <method name="sql_cov::instrument::telemetry_query::{closure#0}" signature="" complexity="0" line-rate="1" branch-rate="1">
                            <lines>
                                <line hits="86" number="25" branch="false"/>
                            </lines>
                        </method>
                        <method name="sql_cov::instrument::telemetry_query::{closure#2}" signature="" complexity="0" line-rate="1" branch-rate="1">
                            <lines>
                                <line hits="86" number="39" branch="false"/>
                            </lines>
                        </method>
                        <method name="sql_cov::instrument::telemetry_query::{closure#3}" signature="" complexity="0" line-rate="1" branch-rate="1">
                            <lines>
                                <line hits="86" number="49" branch="false"/>
                            </lines>
                        </method>
                        <method name="sql_cov::instrument::telemetry_query::{closure#1}" signature="" complexity="0" line-rate="1" branch-rate="1">
                            <lines>
                                <line hits="86" number="35" branch="false"/>
                            </lines>
                        </method>
                        <method name="sql_cov::instrument::telemetry_queries::{closure#0}" signature="" complexity="0" line-rate="1" branch-rate="1">
                            <lines>
                                <line hits="32" number="14" branch="false"/>
                            </lines>
                        </method>
                        <method name="sql_cov::instrument::telemetry_query::{closure#0}" signature="" complexity="0" line-rate="1" branch-rate="1">
                            <lines>
                                <line hits="1" number="25" branch="false"/>
                            </lines>
                        </method>
                        <method name="sql_cov::instrument::telemetry_query::{closure#2}" signature="" complexity="0" line-rate="1" branch-rate="1">
                            <lines>
                                <line hits="1" number="39" branch="false"/>
                            </lines>
                        </method>
                        <method name="sql_cov::instrument::telemetry_query::{closure#3}" signature="" complexity="0" line-rate="1" branch-rate="1">
                            <lines>
                                <line hits="1" number="49" branch="false"/>
                            </lines>
                        </method>
                        <method name="sql_cov::instrument::telemetry_query::{closure#1}" signature="" complexity="0" line-rate="1" branch-rate="1">
                            <lines>
                                <line hits="1" number="35" branch="false"/>
                            </lines>
                        </method>
                        <method name="sql_cov::instrument::telemetry_queries::{closure#0}" signature="" complexity="0" line-rate="1" branch-rate="1">
                            <lines>
                                <line hits="2" number="14" branch="false"/>
                            </lines>
                        </method>
                        <method name="sql_cov::instrument::telemetry_query" signature="" complexity="0" line-rate="1" branch-rate="1">
                            <lines>
                                <line hits="32" number="18" branch="false"/>
                            </lines>
                        </method>
                        <method name="sql_cov::instrument::telemetry_queries" signature="" complexity="0" line-rate="1" branch-rate="1">
                            <lines>
                                <line hits="22" number="10" branch="false"/>
                            </lines>
                        </method>
                        <method name="sql_cov::instrument::telemetry_query" signature="" complexity="0" line-rate="1" branch-rate="1">
                            <lines>
                                <line hits="2" number="18" branch="false"/>
                            </lines>
                        </method>
                        <method name="sql_cov::instrument::telemetry_queries" signature="" complexity="0" line-rate="1" branch-rate="1">
                            <lines>
                                <line hits="2" number="10" branch="false"/>
                            </lines>
                        </method>
                        <method name="sql_cov::instrument::tests::test_telemetry_query_empty_from_sql" signature="" complexity="0" line-rate="1" branch-rate="1">
                            <lines>
                                <line hits="1" number="103" branch="false"/>
                            </lines>
                        </method>
                        <method name="sql_cov::instrument::tests::test_telemetry_query_empty_expression_ids" signature="" complexity="0" line-rate="1" branch-rate="1">
                            <lines>
                                <line hits="1" number="80" branch="false"/>
                            </lines>
                        </method>
                    </methods>
                    <lines>
                        <line branch="false" hits="24" number="10"/>
                        <line branch="false" hits="24" number="11"/>
                        <line branch="false" hits="24" number="12"/>
                        <line branch="false" hits="24" number="13"/>
                        <line branch="false" hits="34" number="14"/>
                        <line branch="false" hits="24" number="15"/>
                        <line branch="false" hits="24" number="16"/>
                        <line branch="false" hits="34" number="18"/>
                        <line branch="false" hits="34" number="19"/>
                        <line branch="false" hits="1" number="20"/>
                        <line branch="false" hits="33" number="21"/>
                        <line branch="false" hits="33" number="22"/>
                        <line branch="false" hits="33" number="23"/>
                        <line branch="false" hits="33" number="24"/>
                        <line branch="false" hits="87" number="25"/>
                        <line branch="false" hits="87" number="26"/>
                        <line branch="false" hits="87" number="27"/>
                        <line branch="false" hits="87" number="28"/>
                        <line branch="false" hits="87" number="29"/>
                        <line branch="false" hits="87" number="30"/>
                        <line branch="false" hits="87" number="31"/>
                        <line branch="false" hits="33" number="32"/>
                        <line branch="false" hits="33" number="33"/>
                        <line branch="false" hits="33" number="34"/>
                        <line branch="false" hits="87" number="35"/>
                        <line branch="false" hits="33" number="36"/>
                        <line branch="false" hits="33" number="37"/>
                        <line branch="false" hits="33" number="38"/>
                        <line branch="false" hits="87" number="39"/>
                        <line branch="false" hits="87" number="40"/>
                        <line branch="false" hits="87" number="41"/>
                        <line branch="false" hits="87" number="42"/>
                        <line branch="false" hits="87" number="43"/>
                        <line branch="false" hits="87" number="44"/>
                        <line branch="false" hits="87" number="45"/>
                        <line branch="false" hits="33" number="46"/>
                        <line branch="false" hits="33" number="47"/>
                        <line branch="false" hits="33" number="48"/>
                        <line branch="false" hits="87" number="49"/>
                        <line branch="false" hits="33" number="50"/>
                        <line branch="false" hits="33" number="51"/>
                        <line branch="false" hits="1" number="52"/>
                        <line branch="false" hits="32" number="54"/>
                        <line branch="false" hits="33" number="56"/>
                        <line branch="false" hits="31" number="57"/>
                        <line branch="false" hits="2" number="59"/>
                        <line branch="false" hits="33" number="61"/>
                        <line branch="false" hits="33" number="62"/>
                        <line branch="false" hits="33" number="63"/>
                        <line branch="false" hits="33" number="64"/>
                        <line branch="false" hits="33" number="65"/>
                        <line branch="false" hits="33" number="66"/>
                        <line branch="false" hits="33" number="67"/>
                        <line branch="false" hits="33" number="68"/>
                        <line branch="false" hits="33" number="69"/>
                        <line branch="false" hits="33" number="70"/>
                        <line branch="false" hits="34" number="71"/>
                        <line branch="false" hits="1" number="80"/>
                        <line branch="false" hits="1" number="81"/>
                        <line branch="false" hits="1" number="82"/>
                        <line branch="false" hits="1" number="83"/>
                        <line branch="false" hits="1" number="84"/>
                        <line branch="false" hits="1" number="85"/>
                        <line branch="false" hits="1" number="86"/>
                        <line branch="false" hits="1" number="87"/>
                        <line branch="false" hits="1" number="88"/>
                        <line branch="false" hits="1" number="89"/>
                        <line branch="false" hits="1" number="90"/>
                        <line branch="false" hits="1" number="91"/>
                        <line branch="false" hits="1" number="92"/>
                        <line branch="false" hits="1" number="93"/>
                        <line branch="false" hits="1" number="94"/>
                        <line branch="false" hits="1" number="95"/>
                        <line branch="false" hits="1" number="96"/>
                        <line branch="false" hits="1" number="97"/>
                        <line branch="false" hits="1" number="98"/>
                        <line branch="false" hits="1" number="99"/>
                        <line branch="false" hits="1" number="100"/>
                        <line branch="false" hits="1" number="103"/>
                        <line branch="false" hits="1" number="104"/>
                        <line branch="false" hits="1" number="105"/>
                        <line branch="false" hits="1" number="106"/>
                        <line branch="false" hits="1" number="107"/>
                        <line branch="false" hits="1" number="108"/>
                        <line branch="false" hits="1" number="109"/>
                        <line branch="false" hits="1" number="110"/>
                        <line branch="false" hits="1" number="111"/>
                        <line branch="false" hits="1" number="112"/>
                        <line branch="false" hits="1" number="113"/>
                        <line branch="false" hits="1" number="114"/>
                        <line branch="false" hits="1" number="115"/>
                        <line branch="false" hits="1" number="116"/>
                        <line branch="false" hits="1" number="117"/>
                        <line branch="false" hits="1" number="118"/>
                        <line branch="false" hits="1" number="119"/>
                        <line branch="false" hits="1" number="120"/>
                        <line branch="false" hits="1" number="121"/>
                        <line branch="false" hits="1" number="122"/>
                        <line branch="false" hits="1" number="123"/>
                        <line branch="false" hits="1" number="124"/>
                        <line branch="false" hits="1" number="126"/>
                        <line branch="false" hits="1" number="127"/>
                        <line branch="false" hits="1" number="128"/>
                        <line branch="false" hits="1" number="129"/>
                        <line branch="false" hits="1" number="130"/>
                        <line branch="false" hits="1" number="131"/>
                        <line branch="false" hits="1" number="132"/>
                        <line branch="false" hits="1" number="133"/>
                        <line branch="false" hits="1" number="134"/>
                        <line branch="false" hits="1" number="135"/>
                        <line branch="false" hits="1" number="136"/>
                        <line branch="false" hits="1" number="137"/>
                        <line branch="false" hits="1" number="138"/>
                        <line branch="false" hits="1" number="139"/>
                        <line branch="false" hits="1" number="140"/>
[...]
                        <line branch="false" hits="263" number="277"/>
                        <line branch="false" hits="263" number="278"/>
                        <line branch="false" hits="263" number="279"/>
                        <line branch="false" hits="263" number="280"/>
                        <line branch="false" hits="263" number="281"/>
                        <line branch="false" hits="263" number="282"/>
                        <line branch="false" hits="263" number="283"/>
                        <line branch="false" hits="263" number="284"/>
                        <line branch="false" hits="4" number="285"/>
                        <line branch="false" hits="259" number="288"/>
                        <line branch="false" hits="259" number="289"/>
                        <line branch="false" hits="257" number="290"/>
                        <line branch="false" hits="2" number="292"/>
                        <line branch="false" hits="257" number="293"/>
                        <line branch="false" hits="257" number="294"/>
                        <line branch="false" hits="6" number="295"/>
                        <line branch="false" hits="251" number="297"/>
                        <line branch="false" hits="2" number="298"/>
                        <line branch="false" hits="249" number="302"/>
                        <line branch="false" hits="16" number="303"/>
                        <line branch="false" hits="233" number="307"/>
                        <line branch="false" hits="56" number="308"/>
                        <line branch="false" hits="177" number="310"/>
                        <line branch="false" hits="263" number="312"/>
                        <line branch="false" hits="268" number="314"/>
                        <line branch="false" hits="268" number="315"/>
                        <line branch="false" hits="268" number="316"/>
                        <line branch="false" hits="268" number="317"/>
                        <line branch="false" hits="268" number="318"/>
                        <line branch="false" hits="274" number="319"/>
                        <line branch="false" hits="274" number="320"/>
                        <line branch="false" hits="273" number="321"/>
                        <line branch="false" hits="273" number="322"/>
                        <line branch="false" hits="273" number="323"/>
                        <line branch="false" hits="273" number="324"/>
                        <line branch="false" hits="274" number="325"/>
                        <line branch="false" hits="268" number="326"/>
                        <line branch="false" hits="268" number="327"/>
                        <line branch="false" hits="23" number="328"/>
                        <line branch="false" hits="245" number="331"/>
                        <line branch="false" hits="245" number="332"/>
                        <line branch="false" hits="245" number="333"/>
                        <line branch="false" hits="246" number="334"/>
                        <line branch="false" hits="1" number="336"/>
                        <line branch="false" hits="244" number="339"/>
                        <line branch="false" hits="244" number="340"/>
                        <line branch="false" hits="0" number="341"/>
                        <line branch="false" hits="244" number="342"/>
                        <line branch="false" hits="245" number="343"/>
                        <line branch="false" hits="245" number="344"/>
                        <line branch="false" hits="245" number="345"/>
                        <line branch="false" hits="0" number="346"/>
                        <line branch="false" hits="244" number="347"/>
                        <line branch="false" hits="244" number="348"/>
                        <line branch="false" hits="80" number="349"/>
                        <line branch="false" hits="164" number="353"/>
                        <line branch="false" hits="164" number="354"/>
                        <line branch="false" hits="268" number="355"/>
                        <line branch="false" hits="135" number="357"/>
                        <line branch="false" hits="590" number="364"/>
                        <line branch="false" hits="590" number="365"/>
                        <line branch="false" hits="2" number="366"/>
                        <line branch="false" hits="588" number="367"/>
                        <line branch="false" hits="590" number="368"/>
                        <line branch="false" hits="590" number="369"/>
                        <line branch="false" hits="135" number="371"/>
                        <line branch="false" hits="135" number="372"/>
                        <line branch="false" hits="135" number="373"/>
                        <line branch="false" hits="135" number="374"/>
                        <line branch="false" hits="135" number="375"/>
                        <line branch="false" hits="135" number="376"/>
                        <line branch="false" hits="631" number="378"/>
                        <line branch="false" hits="3345" number="385"/>
                        <line branch="false" hits="3345" number="386"/>
                        <line branch="false" hits="996" number="387"/>
                        <line branch="false" hits="996" number="388"/>
                        <line branch="false" hits="996" number="389"/>
                        <line branch="false" hits="996" number="390"/>
                        <line branch="false" hits="2349" number="391"/>
                        <line branch="false" hits="3345" number="392"/>
                        <line branch="false" hits="3345" number="393"/>
                        <line branch="false" hits="631" number="395"/>
                        <line branch="false" hits="631" number="396"/>
                        <line branch="false" hits="631" number="397"/>
                        <line branch="false" hits="631" number="398"/>
                        <line branch="false" hits="631" number="399"/>
                        <line branch="false" hits="631" number="400"/>
                        <line branch="false" hits="593" number="402"/>
                        <line branch="false" hits="557" number="403"/>
                        <line branch="false" hits="36" number="404"/>
                        <line branch="false" hits="593" number="421"/>
                        <line branch="false" hits="66" number="423"/>
                        <line branch="false" hits="66" number="425"/>
                        <line branch="false" hits="41" number="426"/>
                        <line branch="false" hits="2" number="427"/>
                        <line branch="false" hits="11" number="428"/>
                        <line branch="false" hits="1" number="429"/>
                        <line branch="false" hits="1" number="430"/>
                        <line branch="false" hits="1" number="431"/>
                        <line branch="false" hits="1" number="432"/>
                        <line branch="false" hits="1" number="433"/>
                        <line branch="false" hits="1" number="434"/>
                        <line branch="false" hits="1" number="435"/>
                        <line branch="false" hits="1" number="436"/>
                        <line branch="false" hits="1" number="437"/>
                        <line branch="false" hits="1" number="438"/>
                        <line branch="false" hits="1" number="439"/>
                        <line branch="false" hits="66" number="440"/>
                        <line branch="false" hits="0" number="441"/>
                        <line branch="false" hits="66" number="443"/>
                        <line branch="false" hits="64" number="444"/>
                        <line branch="false" hits="2" number="445"/>
                        <line branch="false" hits="66" number="447"/>
                        <line branch="false" hits="271" number="449"/>
                        <line branch="false" hits="271" number="450"/>
                        <line branch="false" hits="271" number="451"/>
                        <line branch="false" hits="287" number="453"/>
                        <line branch="false" hits="287" number="454"/>
                        <line branch="false" hits="3" number="455"/>
                        <line branch="false" hits="3" number="456"/>
                        <line branch="false" hits="3" number="457"/>
                        <line branch="false" hits="3" number="458"/>
                        <line branch="false" hits="284" number="459"/>
                        <line branch="false" hits="271" number="461"/>
                        <line branch="false" hits="303" number="463"/>
                        <line branch="false" hits="66" number="464"/>
                        <line branch="false" hits="16" number="465"/>
                        <line branch="false" hits="16" number="466"/>
                        <line branch="false" hits="16" number="467"/>
                        <line branch="false" hits="16" number="468"/>
                        <line branch="false" hits="0" number="469"/>
                        <line branch="false" hits="0" number="470"/>
                        <line branch="false" hits="0" number="471"/>
                        <line branch="false" hits="287" number="472"/>
                        <line branch="false" hits="287" number="473"/>
                        <line branch="false" hits="287" number="474"/>
                        <line branch="false" hits="303" number="476"/>
                        <line branch="false" hits="3" number="478"/>
                        <line branch="false" hits="3" number="479"/>
                        <line branch="false" hits="3" number="485"/>
                        <line branch="false" hits="3" number="486"/>
                        <line branch="false" hits="0" number="487"/>
                        <line branch="false" hits="0" number="488"/>
                        <line branch="false" hits="0" number="489"/>
                        <line branch="false" hits="3" number="490"/>
                        <line branch="false" hits="3" number="491"/>
                        <line branch="false" hits="3" number="492"/>
                        <line branch="false" hits="3" number="493"/>
                        <line branch="false" hits="3" number="494"/>
                        <line branch="false" hits="3" number="495"/>
                        <line branch="false" hits="0" number="497"/>
                        <line branch="false" hits="3" number="499"/>
                        <line branch="false" hits="3" number="500"/>
                        <line branch="false" hits="3" number="502"/>
                        <line branch="false" hits="3" number="503"/>
                        <line branch="false" hits="3" number="504"/>
                        <line branch="false" hits="3" number="505"/>
                        <line branch="false" hits="1" number="515"/>
                        <line branch="false" hits="1" number="516"/>
                        <line branch="false" hits="1" number="517"/>
                        <line branch="false" hits="1" number="520"/>
                        <line branch="false" hits="1" number="521"/>
                        <line branch="false" hits="1" number="522"/>
                        <line branch="false" hits="1" number="523"/>
                        <line branch="false" hits="1" number="524"/>
                        <line branch="false" hits="1" number="525"/>
                        <line branch="false" hits="1" number="528"/>
                        <line branch="false" hits="1" number="529"/>
                        <line branch="false" hits="1" number="530"/>
                        <line branch="false" hits="1" number="531"/>
                        <line branch="false" hits="1" number="532"/>
                        <line branch="false" hits="1" number="533"/>
                        <line branch="false" hits="1" number="536"/>
                        <line branch="false" hits="1" number="537"/>
                        <line branch="false" hits="1" number="538"/>
                        <line branch="false" hits="1" number="539"/>
                        <line branch="false" hits="1" number="540"/>
                        <line branch="false" hits="1" number="541"/>
                        <line branch="false" hits="1" number="544"/>
                        <line branch="false" hits="1" number="545"/>
                        <line branch="false" hits="1" number="546"/>
                        <line branch="false" hits="1" number="547"/>
                        <line branch="false" hits="1" number="548"/>
                        <line branch="false" hits="1" number="549"/>
                        <line branch="false" hits="1" number="552"/>
                        <line branch="false" hits="1" number="553"/>
                        <line branch="false" hits="1" number="554"/>
                        <line branch="false" hits="1" number="555"/>
                        <line branch="false" hits="1" number="556"/>
                        <line branch="false" hits="1" number="557"/>
                        <line branch="false" hits="1" number="558"/>
                        <line branch="false" hits="1" number="559"/>
                        <line branch="false" hits="1" number="560"/>
                        <line branch="false" hits="1" number="561"/>
                        <line branch="false" hits="1" number="562"/>
                        <line branch="false" hits="1" number="563"/>
                        <line branch="false" hits="1" number="564"/>
                        <line branch="false" hits="1" number="567"/>
                        <line branch="false" hits="1" number="568"/>
                        <line branch="false" hits="1" number="569"/>
                        <line branch="false" hits="1" number="570"/>
                        <line branch="false" hits="1" number="571"/>
                        <line branch="false" hits="1" number="572"/>
                        <line branch="false" hits="1" number="573"/>
                        <line branch="false" hits="1" number="574"/>
                        <line branch="false" hits="1" number="575"/>
                        <line branch="false" hits="1" number="576"/>
                        <line branch="false" hits="1" number="577"/>
                        <line branch="false" hits="1" number="580"/>
                        <line branch="false" hits="1" number="581"/>
                        <line branch="false" hits="1" number="582"/>
                        <line branch="false" hits="1" number="583"/>
                        <line branch="false" hits="1" number="584"/>
                        <line branch="false" hits="1" number="585"/>
                        <line branch="false" hits="1" number="586"/>
                        <line branch="false" hits="1" number="587"/>
                        <line branch="false" hits="1" number="588"/>
                        <line branch="false" hits="1" number="589"/>
                        <line branch="false" hits="1" number="590"/>
                        <line branch="false" hits="1" number="591"/>
                        <line branch="false" hits="1" number="592"/>
                        <line branch="false" hits="1" number="593"/>
                        <line branch="false" hits="1" number="595"/>
                        <line branch="false" hits="1" number="596"/>
                        <line branch="false" hits="1" number="597"/>
                        <line branch="false" hits="1" number="600"/>
                        <line branch="false" hits="1" number="601"/>
                        <line branch="false" hits="1" number="602"/>
                        <line branch="false" hits="1" number="605"/>
                        <line branch="false" hits="1" number="606"/>
                        <line branch="false" hits="1" number="607"/>
                        <line branch="false" hits="1" number="610"/>
                        <line branch="false" hits="1" number="611"/>
                        <line branch="false" hits="1" number="614"/>
                        <line branch="false" hits="1" number="615"/>
                        <line branch="false" hits="1" number="616"/>
                        <line branch="false" hits="1" number="617"/>
                        <line branch="false" hits="1" number="618"/>
                        <line branch="false" hits="1" number="619"/>
                        <line branch="false" hits="1" number="620"/>
                        <line branch="false" hits="1" number="621"/>
                        <line branch="false" hits="1" number="622"/>
                        <line branch="false" hits="1" number="623"/>
                        <line branch="false" hits="1" number="624"/>
                        <line branch="false" hits="1" number="625"/>
                        <line branch="false" hits="1" number="626"/>
                        <line branch="false" hits="1" number="627"/>
                        <line branch="false" hits="1" number="628"/>
                        <line branch="false" hits="1" number="630"/>
                        <line branch="false" hits="1" number="631"/>
                        <line branch="false" hits="1" number="635"/>
                        <line branch="false" hits="1" number="636"/>
                        <line branch="false" hits="1" number="637"/>
                        <line branch="false" hits="1" number="638"/>
                        <line branch="false" hits="1" number="639"/>
                        <line branch="false" hits="1" number="640"/>
                        <line branch="false" hits="1" number="641"/>
                        <line branch="false" hits="1" number="642"/>
                        <line branch="false" hits="1" number="643"/>
                        <line branch="false" hits="1" number="644"/>
                        <line branch="false" hits="1" number="645"/>
                        <line branch="false" hits="1" number="646"/>
                        <line branch="false" hits="1" number="647"/>
                        <line branch="false" hits="1" number="648"/>
                        <line branch="false" hits="1" number="649"/>
                        <line branch="false" hits="1" number="650"/>
                        <line branch="false" hits="1" number="651"/>
                        <line branch="false" hits="1" number="652"/>
                        <line branch="false" hits="16" number="654"/>
                        <line branch="false" hits="16" number="655"/>
                        <line branch="false" hits="16" number="656"/>
                        <line branch="false" hits="1" number="659"/>
                        <line branch="false" hits="1" number="660"/>
                        <line branch="false" hits="1" number="661"/>
                        <line branch="false" hits="1" number="662"/>
                        <line branch="false" hits="1" number="663"/>
                        <line branch="false" hits="1" number="664"/>
                        <line branch="false" hits="1" number="665"/>
                        <line branch="false" hits="1" number="668"/>
                        <line branch="false" hits="1" number="669"/>
                        <line branch="false" hits="1" number="670"/>
                        <line branch="false" hits="1" number="671"/>
                        <line branch="false" hits="1" number="672"/>
                        <line branch="false" hits="1" number="673"/>
                        <line branch="false" hits="1" number="674"/>
                    </lines>
                </class>
            </classes>
        </package>
    </packages>
</coverage>