SF:/home/yahn/easy-vm/gems/sql-cov/src/driver.rs
FN:24,_RNvMNtCs7hk0fIitb2P_7sql_cov6driverNtB2_14ParameterValue5parse
FN:286,_RNvNtCs7hk0fIitb2P_7sql_cov6driver10bind_mysql
FN:72,_RNvNtCs7hk0fIitb2P_7sql_cov6driver10mysql_pool
FN:254,_RNvNtCs7hk0fIitb2P_7sql_cov6driver11bind_sqlite
FN:185,_RNvNtCs7hk0fIitb2P_7sql_cov6driver11cover_mysql
FN:54,_RNvNtCs7hk0fIitb2P_7sql_cov6driver11sqlite_pool
FN:104,_RNvNtCs7hk0fIitb2P_7sql_cov6driver12cover_sqlite
FN:270,_RNvNtCs7hk0fIitb2P_7sql_cov6driver13bind_postgres
FN:64,_RNvNtCs7hk0fIitb2P_7sql_cov6driver13postgres_pool
FN:150,_RNvNtCs7hk0fIitb2P_7sql_cov6driver14cover_postgres
FN:96,_RNvNtCs7hk0fIitb2P_7sql_cov6driver19execute_mysql_setup
FN:80,_RNvNtCs7hk0fIitb2P_7sql_cov6driver20execute_sqlite_setup
FN:88,_RNvNtCs7hk0fIitb2P_7sql_cov6driver22execute_postgres_setup
FN:230,_RINvNtCs7hk0fIitb2P_7sql_cov6driver19collect_i64_metricsNtNtCs7BTHx1qWKiX_13sqlx_postgres3row5PgRowEB4_
FN:192,_RNCNCNvNtCs7hk0fIitb2P_7sql_cov6driver11cover_mysql00B7_
FN:211,_RNCNCNvNtCs7hk0fIitb2P_7sql_cov6driver11cover_mysql0s0_0B7_
FN:217,_RNCNCNvNtCs7hk0fIitb2P_7sql_cov6driver11cover_mysql0s1_0B7_
FN:203,_RNCNCNvNtCs7hk0fIitb2P_7sql_cov6driver11cover_mysql0s_0B7_
FN:111,_RNCNCNvNtCs7hk0fIitb2P_7sql_cov6driver12cover_sqlite00B7_
FN:133,_RNCNCNvNtCs7hk0fIitb2P_7sql_cov6driver12cover_sqlite0s0_0B7_
FN:122,_RNCNCNvNtCs7hk0fIitb2P_7sql_cov6driver12cover_sqlite0s_0B7_
FN:157,_RNCNCNvNtCs7hk0fIitb2P_7sql_cov6driver14cover_postgres00B7_
FN:179,_RNCNCNvNtCs7hk0fIitb2P_7sql_cov6driver14cover_postgres0s0_0B7_
FN:168,_RNCNCNvNtCs7hk0fIitb2P_7sql_cov6driver14cover_postgres0s_0B7_
FN:72,_RNCNvNtCs7hk0fIitb2P_7sql_cov6driver10mysql_pool0B5_
FN:189,_RNCNvNtCs7hk0fIitb2P_7sql_cov6driver11cover_mysql0B5_
FN:54,_RNCNvNtCs7hk0fIitb2P_7sql_cov6driver11sqlite_pool0B5_
FN:108,_RNCNvNtCs7hk0fIitb2P_7sql_cov6driver12cover_sqlite0B5_
FN:64,_RNCNvNtCs7hk0fIitb2P_7sql_cov6driver13postgres_pool0B5_
FN:154,_RNCNvNtCs7hk0fIitb2P_7sql_cov6driver14cover_postgres0B5_
FN:96,_RNCNvNtCs7hk0fIitb2P_7sql_cov6driver19execute_mysql_setup0B5_
FN:80,_RNCNvNtCs7hk0fIitb2P_7sql_cov6driver20execute_sqlite_setup0B5_
FN:88,_RNCNvNtCs7hk0fIitb2P_7sql_cov6driver22execute_postgres_setup0B5_
FN:72,_RNvNtCs8VZTiruxtkl_7sql_cov6driver10mysql_pool
FN:185,_RNvNtCs8VZTiruxtkl_7sql_cov6driver11cover_mysql
FN:54,_RNvNtCs8VZTiruxtkl_7sql_cov6driver11sqlite_pool
FN:104,_RNvNtCs8VZTiruxtkl_7sql_cov6driver12cover_sqlite
FN:64,_RNvNtCs8VZTiruxtkl_7sql_cov6driver13postgres_pool
FN:150,_RNvNtCs8VZTiruxtkl_7sql_cov6driver14cover_postgres
FN:96,_RNvNtCs8VZTiruxtkl_7sql_cov6driver19execute_mysql_setup
FN:80,_RNvNtCs8VZTiruxtkl_7sql_cov6driver20execute_sqlite_setup
FN:88,_RNvNtCs8VZTiruxtkl_7sql_cov6driver22execute_postgres_setup
FN:325,_RNvNtNtCs8VZTiruxtkl_7sql_cov6driver5testss_28test_bind_mysql_all_variants
FN:307,_RNvNtNtCs8VZTiruxtkl_7sql_cov6driver5testss_31test_bind_postgres_all_variants
FN:230,_RINvNtCs8VZTiruxtkl_7sql_cov6driver19collect_i64_metricsNtNtCs7BTHx1qWKiX_13sqlx_postgres3row5PgRowEB4_
FN:192,_RNCNCNvNtCs8VZTiruxtkl_7sql_cov6driver11cover_mysql00B7_
FN:211,_RNCNCNvNtCs8VZTiruxtkl_7sql_cov6driver11cover_mysql0s0_0B7_
FN:217,_RNCNCNvNtCs8VZTiruxtkl_7sql_cov6driver11cover_mysql0s1_0B7_
FN:203,_RNCNCNvNtCs8VZTiruxtkl_7sql_cov6driver11cover_mysql0s_0B7_
FN:111,_RNCNCNvNtCs8VZTiruxtkl_7sql_cov6driver12cover_sqlite00B7_
FN:133,_RNCNCNvNtCs8VZTiruxtkl_7sql_cov6driver12cover_sqlite0s0_0B7_
FN:122,_RNCNCNvNtCs8VZTiruxtkl_7sql_cov6driver12cover_sqlite0s_0B7_
FN:157,_RNCNCNvNtCs8VZTiruxtkl_7sql_cov6driver14cover_postgres00B7_
FN:179,_RNCNCNvNtCs8VZTiruxtkl_7sql_cov6driver14cover_postgres0s0_0B7_
FN:168,_RNCNCNvNtCs8VZTiruxtkl_7sql_cov6driver14cover_postgres0s_0B7_
FN:72,_RNCNvNtCs8VZTiruxtkl_7sql_cov6driver10mysql_pool0B5_
FN:189,_RNCNvNtCs8VZTiruxtkl_7sql_cov6driver11cover_mysql0B5_
FN:54,_RNCNvNtCs8VZTiruxtkl_7sql_cov6driver11sqlite_pool0B5_
FN:108,_RNCNvNtCs8VZTiruxtkl_7sql_cov6driver12cover_sqlite0B5_
FN:64,_RNCNvNtCs8VZTiruxtkl_7sql_cov6driver13postgres_pool0B5_
FN:154,_RNCNvNtCs8VZTiruxtkl_7sql_cov6driver14cover_postgres0B5_
FN:96,_RNCNvNtCs8VZTiruxtkl_7sql_cov6driver19execute_mysql_setup0B5_
FN:80,_RNCNvNtCs8VZTiruxtkl_7sql_cov6driver20execute_sqlite_setup0B5_
FN:88,_RNCNvNtCs8VZTiruxtkl_7sql_cov6driver22execute_postgres_setup0B5_
FN:24,_RNvMNtCs8VZTiruxtkl_7sql_cov6driverNtB2_14ParameterValue5parse
FN:286,_RNvNtCs8VZTiruxtkl_7sql_cov6driver10bind_mysql
FN:254,_RNvNtCs8VZTiruxtkl_7sql_cov6driver11bind_sqlite
FN:270,_RNvNtCs8VZTiruxtkl_7sql_cov6driver13bind_postgres
FNDA:120,_RNvMNtCs7hk0fIitb2P_7sql_cov6driverNtB2_14ParameterValue5parse
FNDA:8,_RNvNtCs7hk0fIitb2P_7sql_cov6driver10bind_mysql
FNDA:3,_RNvNtCs7hk0fIitb2P_7sql_cov6driver10mysql_pool
FNDA:131,_RNvNtCs7hk0fIitb2P_7sql_cov6driver11bind_sqlite
FNDA:1,_RNvNtCs7hk0fIitb2P_7sql_cov6driver11cover_mysql
FNDA:32,_RNvNtCs7hk0fIitb2P_7sql_cov6driver11sqlite_pool
FNDA:19,_RNvNtCs7hk0fIitb2P_7sql_cov6driver12cover_sqlite
FNDA:8,_RNvNtCs7hk0fIitb2P_7sql_cov6driver13bind_postgres
FNDA:3,_RNvNtCs7hk0fIitb2P_7sql_cov6driver13postgres_pool
FNDA:1,_RNvNtCs7hk0fIitb2P_7sql_cov6driver14cover_postgres
FNDA:0,_RNvNtCs7hk0fIitb2P_7sql_cov6driver19execute_mysql_setup
FNDA:31,_RNvNtCs7hk0fIitb2P_7sql_cov6driver20execute_sqlite_setup
FNDA:0,_RNvNtCs7hk0fIitb2P_7sql_cov6driver22execute_postgres_setup
FNDA:0,_RINvNtCs7hk0fIitb2P_7sql_cov6driver19collect_i64_metricsNtNtCs7BTHx1qWKiX_13sqlx_postgres3row5PgRowEB4_
FNDA:8,_RNCNCNvNtCs7hk0fIitb2P_7sql_cov6driver11cover_mysql00B7_
FNDA:0,_RNCNCNvNtCs7hk0fIitb2P_7sql_cov6driver11cover_mysql0s0_0B7_
FNDA:0,_RNCNCNvNtCs7hk0fIitb2P_7sql_cov6driver11cover_mysql0s1_0B7_
FNDA:1,_RNCNCNvNtCs7hk0fIitb2P_7sql_cov6driver11cover_mysql0s_0B7_
FNDA:72,_RNCNCNvNtCs7hk0fIitb2P_7sql_cov6driver12cover_sqlite00B7_
FNDA:0,_RNCNCNvNtCs7hk0fIitb2P_7sql_cov6driver12cover_sqlite0s0_0B7_
FNDA:0,_RNCNCNvNtCs7hk0fIitb2P_7sql_cov6driver12cover_sqlite0s_0B7_
FNDA:8,_RNCNCNvNtCs7hk0fIitb2P_7sql_cov6driver14cover_postgres00B7_
FNDA:0,_RNCNCNvNtCs7hk0fIitb2P_7sql_cov6driver14cover_postgres0s0_0B7_
FNDA:1,_RNCNCNvNtCs7hk0fIitb2P_7sql_cov6driver14cover_postgres0s_0B7_
FNDA:3,_RNCNvNtCs7hk0fIitb2P_7sql_cov6driver10mysql_pool0B5_
FNDA:1,_RNCNvNtCs7hk0fIitb2P_7sql_cov6driver11cover_mysql0B5_
FNDA:32,_RNCNvNtCs7hk0fIitb2P_7sql_cov6driver11sqlite_pool0B5_
FNDA:19,_RNCNvNtCs7hk0fIitb2P_7sql_cov6driver12cover_sqlite0B5_
FNDA:3,_RNCNvNtCs7hk0fIitb2P_7sql_cov6driver13postgres_pool0B5_
FNDA:1,_RNCNvNtCs7hk0fIitb2P_7sql_cov6driver14cover_postgres0B5_
FNDA:0,_RNCNvNtCs7hk0fIitb2P_7sql_cov6driver19execute_mysql_setup0B5_
FNDA:31,_RNCNvNtCs7hk0fIitb2P_7sql_cov6driver20execute_sqlite_setup0B5_
FNDA:0,_RNCNvNtCs7hk0fIitb2P_7sql_cov6driver22execute_postgres_setup0B5_
FNDA:0,_RNvNtCs8VZTiruxtkl_7sql_cov6driver10mysql_pool
FNDA:0,_RNvNtCs8VZTiruxtkl_7sql_cov6driver11cover_mysql
FNDA:0,_RNvNtCs8VZTiruxtkl_7sql_cov6driver11sqlite_pool
FNDA:0,_RNvNtCs8VZTiruxtkl_7sql_cov6driver12cover_sqlite
FNDA:0,_RNvNtCs8VZTiruxtkl_7sql_cov6driver13postgres_pool
FNDA:0,_RNvNtCs8VZTiruxtkl_7sql_cov6driver14cover_postgres
FNDA:0,_RNvNtCs8VZTiruxtkl_7sql_cov6driver19execute_mysql_setup
FNDA:0,_RNvNtCs8VZTiruxtkl_7sql_cov6driver20execute_sqlite_setup
FNDA:0,_RNvNtCs8VZTiruxtkl_7sql_cov6driver22execute_postgres_setup
FNDA:1,_RNvNtNtCs8VZTiruxtkl_7sql_cov6driver5testss_28test_bind_mysql_all_variants
FNDA:1,_RNvNtNtCs8VZTiruxtkl_7sql_cov6driver5testss_31test_bind_postgres_all_variants
FNDA:0,_RINvNtCs8VZTiruxtkl_7sql_cov6driver19collect_i64_metricsNtNtCs7BTHx1qWKiX_13sqlx_postgres3row5PgRowEB4_
FNDA:0,_RNCNCNvNtCs8VZTiruxtkl_7sql_cov6driver11cover_mysql00B7_
FNDA:0,_RNCNCNvNtCs8VZTiruxtkl_7sql_cov6driver11cover_mysql0s0_0B7_
FNDA:0,_RNCNCNvNtCs8VZTiruxtkl_7sql_cov6driver11cover_mysql0s1_0B7_
FNDA:0,_RNCNCNvNtCs8VZTiruxtkl_7sql_cov6driver11cover_mysql0s_0B7_
FNDA:0,_RNCNCNvNtCs8VZTiruxtkl_7sql_cov6driver12cover_sqlite00B7_
FNDA:0,_RNCNCNvNtCs8VZTiruxtkl_7sql_cov6driver12cover_sqlite0s0_0B7_
FNDA:0,_RNCNCNvNtCs8VZTiruxtkl_7sql_cov6driver12cover_sqlite0s_0B7_
FNDA:0,_RNCNCNvNtCs8VZTiruxtkl_7sql_cov6driver14cover_postgres00B7_
FNDA:0,_RNCNCNvNtCs8VZTiruxtkl_7sql_cov6driver14cover_postgres0s0_0B7_
FNDA:0,_RNCNCNvNtCs8VZTiruxtkl_7sql_cov6driver14cover_postgres0s_0B7_
FNDA:0,_RNCNvNtCs8VZTiruxtkl_7sql_cov6driver10mysql_pool0B5_
FNDA:0,_RNCNvNtCs8VZTiruxtkl_7sql_cov6driver11cover_mysql0B5_
FNDA:0,_RNCNvNtCs8VZTiruxtkl_7sql_cov6driver11sqlite_pool0B5_
FNDA:0,_RNCNvNtCs8VZTiruxtkl_7sql_cov6driver12cover_sqlite0B5_
FNDA:0,_RNCNvNtCs8VZTiruxtkl_7sql_cov6driver13postgres_pool0B5_
FNDA:0,_RNCNvNtCs8VZTiruxtkl_7sql_cov6driver14cover_postgres0B5_
FNDA:0,_RNCNvNtCs8VZTiruxtkl_7sql_cov6driver19execute_mysql_setup0B5_
FNDA:0,_RNCNvNtCs8VZTiruxtkl_7sql_cov6driver20execute_sqlite_setup0B5_
FNDA:0,_RNCNvNtCs8VZTiruxtkl_7sql_cov6driver22execute_postgres_setup0B5_
FNDA:0,_RNvMNtCs8VZTiruxtkl_7sql_cov6driverNtB2_14ParameterValue5parse
FNDA:8,_RNvNtCs8VZTiruxtkl_7sql_cov6driver10bind_mysql
FNDA:0,_RNvNtCs8VZTiruxtkl_7sql_cov6driver11bind_sqlite
FNDA:8,_RNvNtCs8VZTiruxtkl_7sql_cov6driver13bind_postgres
FNF:35
FNH:25
DA:24,120
DA:25,120
DA:26,8
DA:27,112
DA:28,112
DA:29,6
DA:30,106
DA:31,106
DA:32,4
DA:33,102
DA:34,102
DA:35,6
DA:36,96
DA:37,96
DA:38,28
DA:39,68
DA:40,68
DA:41,11
DA:42,57
DA:43,57
DA:45,8
DA:47,49
DA:48,49
DA:49,49
DA:50,49
DA:51,120
DA:54,32
DA:55,32
DA:56,32
DA:57,32
DA:58,32
DA:59,32
DA:60,32
DA:61,32
DA:62,32
DA:64,3
DA:65,3
DA:66,3
DA:67,3
DA:68,3
DA:69,3
DA:70,3
DA:72,3
DA:73,3
DA:74,3
DA:75,3
DA:76,3
DA:77,3
DA:78,3
DA:80,31
DA:81,31
DA:82,31
DA:83,31
DA:84,31
DA:85,31
DA:86,31
DA:88,0
DA:89,0
DA:90,0
DA:91,0
DA:92,0
DA:93,0
DA:94,0
DA:96,0
DA:97,0
DA:98,0
DA:99,0
DA:100,0
DA:101,0
DA:102,0
DA:104,19
DA:105,19
DA:106,19
DA:107,19
DA:108,19
DA:109,19
DA:110,19
DA:111,72
DA:112,19
DA:113,19
DA:114,19
DA:115,19
DA:116,72
DA:117,72
DA:118,72
DA:119,19
DA:120,19
DA:121,19
DA:122,19
DA:123,19
DA:125,29
DA:126,29
DA:127,59
DA:128,59
DA:129,59
DA:130,29
DA:131,29
DA:132,29
DA:133,29
DA:134,77
DA:135,77
DA:136,77
DA:137,77
DA:138,77
DA:139,77
DA:140,77
DA:141,77
DA:142,77
DA:143,77
DA:144,77
DA:147,19
DA:148,19
DA:150,1
DA:151,1
DA:152,1
DA:153,1
DA:154,1
DA:155,1
DA:156,1
DA:157,8
DA:158,1
DA:159,1
DA:160,1
DA:161,1
DA:162,8
DA:163,8
DA:164,8
DA:165,1
DA:166,1
DA:167,1
DA:168,1
DA:169,0
DA:171,0
DA:172,0
DA:173,0
DA:174,0
DA:175,0
DA:176,0
DA:177,0
DA:178,0
DA:179,0
DA:180,0
DA:182,0
DA:183,1
DA:185,1
DA:186,1
DA:187,1
DA:188,1
DA:189,1
DA:190,1
DA:191,1
DA:192,8
DA:193,1
DA:194,1
DA:195,1
DA:196,1
DA:197,8
DA:198,8
DA:199,8
DA:200,1
DA:201,1
DA:202,1
DA:203,1
DA:204,0
DA:206,0
DA:207,0
DA:208,0
DA:209,0
DA:210,0
DA:211,0
DA:212,0
DA:214,0
DA:215,0
DA:216,0
DA:217,0
DA:218,0
DA:219,0
DA:220,0
DA:222,0
DA:224,0
DA:227,0
DA:228,1
DA:230,0
DA:231,0
DA:232,0
DA:233,0
DA:234,0
DA:235,0
DA:236,0
DA:237,0
DA:239,0
DA:240,0
DA:241,0
DA:242,0
DA:243,0
DA:244,0
DA:245,0
DA:246,0
DA:247,0
DA:248,0
DA:249,0
DA:251,0
DA:252,0
DA:254,131
DA:255,131
DA:256,131
DA:257,131
DA:258,131
DA:259,88
DA:260,35
DA:261,5
DA:262,0
DA:263,3
DA:264,0
DA:265,0
DA:266,0
DA:268,131
DA:270,16
DA:271,16
DA:272,16
DA:273,16
DA:274,16
DA:275,2
DA:276,2
DA:277,2
DA:278,2
DA:279,2
DA:280,2
DA:281,2
DA:282,2
DA:284,16
DA:286,16
DA:287,16
DA:288,16
DA:289,16
DA:290,16
DA:291,2
DA:292,2
DA:293,2
DA:294,2
DA:295,2
DA:296,2
DA:297,2
DA:298,2
DA:300,16
DA:307,1
DA:308,1
DA:309,1
DA:310,1
DA:311,1
DA:312,1
DA:313,1
DA:314,1
DA:315,1
DA:316,1
DA:318,8
DA:319,8
DA:320,8
DA:321,8
DA:322,1
DA:325,1
DA:326,1
DA:327,1
DA:328,1
DA:329,1
DA:330,1
DA:331,1
DA:332,1
DA:333,1
DA:334,1
DA:336,8
DA:337,8
DA:338,8
DA:339,8
DA:340,1
BRF:0
BRH:0
LF:294
LH:218
end_of_record
SF:/home/yahn/easy-vm/gems/sql-cov/src/hazard.rs
FN:314,_RNvMs0_NtCs7hk0fIitb2P_7sql_cov6hazardNtB5_13HazardVisitor14push_if_proven
FN:195,_RNvMs0_NtCs7hk0fIitb2P_7sql_cov6hazardNtB5_13HazardVisitor19detect_unknown_trap
FN:290,_RNvMs0_NtCs7hk0fIitb2P_7sql_cov6hazardNtB5_13HazardVisitor27detect_outer_join_rejection
FN:131,_RNvNtCs7hk0fIitb2P_7sql_cov6hazard10scan_query
FN:428,_RNvNtCs7hk0fIitb2P_7sql_cov6hazard11hazard_span
FN:371,_RNvNtCs7hk0fIitb2P_7sql_cov6hazard14scan_join_keys
FN:61,_RNvNtCs7hk0fIitb2P_7sql_cov6hazard15analyze_hazards
FN:447,_RNvNtCs7hk0fIitb2P_7sql_cov6hazard15location_offset
FN:346,_RNvNtCs7hk0fIitb2P_7sql_cov6hazard26quantified_rhs_nullability
FN:359,_RNvNtCs7hk0fIitb2P_7sql_cov6hazard27subquery_output_nullability
FN:125,_RNvXNtCs7hk0fIitb2P_7sql_cov6hazardNtB2_14QueryCollectorNtNtNtCscQVfspJ30zB_9sqlparser3ast7visitor7Visitor15pre_visit_query
FN:387,_RNvXNvNtCs7hk0fIitb2P_7sql_cov6hazard14scan_join_keysNtB2_11JoinVisitorNtNtNtCscQVfspJ30zB_9sqlparser3ast7visitor7Visitor14pre_visit_expr
FN:187,_RNvXs_NtCs7hk0fIitb2P_7sql_cov6hazardNtB4_13HazardVisitorNtNtNtCscQVfspJ30zB_9sqlparser3ast7visitor7Visitor14pre_visit_expr
FN:216,_RNCNvMs0_NtCs7hk0fIitb2P_7sql_cov6hazardNtB7_13HazardVisitor19detect_unknown_trap0B9_
FN:297,_RNCNvMs0_NtCs7hk0fIitb2P_7sql_cov6hazardNtB7_13HazardVisitor27detect_outer_join_rejection0B9_
FN:73,_RNCNvNtCs7hk0fIitb2P_7sql_cov6hazard15analyze_hazards0B5_
FN:89,_RNCNvNtCs7hk0fIitb2P_7sql_cov6hazard15analyze_hazardss0_0B5_
FN:88,_RNCNvNtCs7hk0fIitb2P_7sql_cov6hazard15analyze_hazardss_0B5_
FN:461,_RNCNvNtCs7hk0fIitb2P_7sql_cov6hazard15location_offsets_0B5_
FN:352,_RNCNvNtCs7hk0fIitb2P_7sql_cov6hazard26quantified_rhs_nullability0B5_
FN:216,_RNCNvMs0_NtCs8VZTiruxtkl_7sql_cov6hazardNtB7_13HazardVisitor19detect_unknown_trap0B9_
FN:297,_RNCNvMs0_NtCs8VZTiruxtkl_7sql_cov6hazardNtB7_13HazardVisitor27detect_outer_join_rejection0B9_
FN:73,_RNCNvNtCs8VZTiruxtkl_7sql_cov6hazard15analyze_hazards0B5_
FN:89,_RNCNvNtCs8VZTiruxtkl_7sql_cov6hazard15analyze_hazardss0_0B5_
FN:88,_RNCNvNtCs8VZTiruxtkl_7sql_cov6hazard15analyze_hazardss_0B5_
FN:461,_RNCNvNtCs8VZTiruxtkl_7sql_cov6hazard15location_offsets_0B5_
FN:352,_RNCNvNtCs8VZTiruxtkl_7sql_cov6hazard26quantified_rhs_nullability0B5_
FN:314,_RNvMs0_NtCs8VZTiruxtkl_7sql_cov6hazardNtB5_13HazardVisitor14push_if_proven
FN:195,_RNvMs0_NtCs8VZTiruxtkl_7sql_cov6hazardNtB5_13HazardVisitor19detect_unknown_trap
FN:290,_RNvMs0_NtCs8VZTiruxtkl_7sql_cov6hazardNtB5_13HazardVisitor27detect_outer_join_rejection
FN:131,_RNvNtCs8VZTiruxtkl_7sql_cov6hazard10scan_query
FN:428,_RNvNtCs8VZTiruxtkl_7sql_cov6hazard11hazard_span
FN:371,_RNvNtCs8VZTiruxtkl_7sql_cov6hazard14scan_join_keys
FN:61,_RNvNtCs8VZTiruxtkl_7sql_cov6hazard15analyze_hazards
FN:447,_RNvNtCs8VZTiruxtkl_7sql_cov6hazard15location_offset
FN:346,_RNvNtCs8VZTiruxtkl_7sql_cov6hazard26quantified_rhs_nullability
FN:359,_RNvNtCs8VZTiruxtkl_7sql_cov6hazard27subquery_output_nullability
FN:125,_RNvXNtCs8VZTiruxtkl_7sql_cov6hazardNtB2_14QueryCollectorNtNtNtCscQVfspJ30zB_9sqlparser3ast7visitor7Visitor15pre_visit_query
FN:387,_RNvXNvNtCs8VZTiruxtkl_7sql_cov6hazard14scan_join_keysNtB2_11JoinVisitorNtNtNtCscQVfspJ30zB_9sqlparser3ast7visitor7Visitor14pre_visit_expr
FN:187,_RNvXs_NtCs8VZTiruxtkl_7sql_cov6hazardNtB4_13HazardVisitorNtNtNtCscQVfspJ30zB_9sqlparser3ast7visitor7Visitor14pre_visit_expr
FNDA:120,_RNvMs0_NtCs7hk0fIitb2P_7sql_cov6hazardNtB5_13HazardVisitor14push_if_proven
FNDA:524,_RNvMs0_NtCs7hk0fIitb2P_7sql_cov6hazardNtB5_13HazardVisitor19detect_unknown_trap
FNDA:524,_RNvMs0_NtCs7hk0fIitb2P_7sql_cov6hazardNtB5_13HazardVisitor27detect_outer_join_rejection
FNDA:189,_RNvNtCs7hk0fIitb2P_7sql_cov6hazard10scan_query
FNDA:73,_RNvNtCs7hk0fIitb2P_7sql_cov6hazard11hazard_span
FNDA:3,_RNvNtCs7hk0fIitb2P_7sql_cov6hazard14scan_join_keys
FNDA:117,_RNvNtCs7hk0fIitb2P_7sql_cov6hazard15analyze_hazards
FNDA:146,_RNvNtCs7hk0fIitb2P_7sql_cov6hazard15location_offset
FNDA:106,_RNvNtCs7hk0fIitb2P_7sql_cov6hazard26quantified_rhs_nullability
FNDA:67,_RNvNtCs7hk0fIitb2P_7sql_cov6hazard27subquery_output_nullability
FNDA:189,_RNvXNtCs7hk0fIitb2P_7sql_cov6hazardNtB2_14QueryCollectorNtNtNtCscQVfspJ30zB_9sqlparser3ast7visitor7Visitor15pre_visit_query
FNDA:9,_RNvXNvNtCs7hk0fIitb2P_7sql_cov6hazard14scan_join_keysNtB2_11JoinVisitorNtNtNtCscQVfspJ30zB_9sqlparser3ast7visitor7Visitor14pre_visit_expr
FNDA:524,_RNvXs_NtCs7hk0fIitb2P_7sql_cov6hazardNtB4_13HazardVisitorNtNtNtCscQVfspJ30zB_9sqlparser3ast7visitor7Visitor14pre_visit_expr
FNDA:6,_RNCNvMs0_NtCs7hk0fIitb2P_7sql_cov6hazardNtB7_13HazardVisitor19detect_unknown_trap0B9_
FNDA:3,_RNCNvMs0_NtCs7hk0fIitb2P_7sql_cov6hazardNtB7_13HazardVisitor27detect_outer_join_rejection0B9_
FNDA:0,_RNCNvNtCs7hk0fIitb2P_7sql_cov6hazard15analyze_hazards0B5_
FNDA:5,_RNCNvNtCs7hk0fIitb2P_7sql_cov6hazard15analyze_hazardss0_0B5_
FNDA:10,_RNCNvNtCs7hk0fIitb2P_7sql_cov6hazard15analyze_hazardss_0B5_
FNDA:4,_RNCNvNtCs7hk0fIitb2P_7sql_cov6hazard15location_offsets_0B5_
FNDA:77,_RNCNvNtCs7hk0fIitb2P_7sql_cov6hazard26quantified_rhs_nullability0B5_
FNDA:0,_RNCNvMs0_NtCs8VZTiruxtkl_7sql_cov6hazardNtB7_13HazardVisitor19detect_unknown_trap0B9_
FNDA:0,_RNCNvMs0_NtCs8VZTiruxtkl_7sql_cov6hazardNtB7_13HazardVisitor27detect_outer_join_rejection0B9_
FNDA:0,_RNCNvNtCs8VZTiruxtkl_7sql_cov6hazard15analyze_hazards0B5_
FNDA:0,_RNCNvNtCs8VZTiruxtkl_7sql_cov6hazard15analyze_hazardss0_0B5_
FNDA:0,_RNCNvNtCs8VZTiruxtkl_7sql_cov6hazard15analyze_hazardss_0B5_
FNDA:0,_RNCNvNtCs8VZTiruxtkl_7sql_cov6hazard15location_offsets_0B5_
FNDA:0,_RNCNvNtCs8VZTiruxtkl_7sql_cov6hazard26quantified_rhs_nullability0B5_
FNDA:0,_RNvMs0_NtCs8VZTiruxtkl_7sql_cov6hazardNtB5_13HazardVisitor14push_if_proven
FNDA:0,_RNvMs0_NtCs8VZTiruxtkl_7sql_cov6hazardNtB5_13HazardVisitor19detect_unknown_trap
FNDA:0,_RNvMs0_NtCs8VZTiruxtkl_7sql_cov6hazardNtB5_13HazardVisitor27detect_outer_join_rejection
FNDA:0,_RNvNtCs8VZTiruxtkl_7sql_cov6hazard10scan_query
FNDA:0,_RNvNtCs8VZTiruxtkl_7sql_cov6hazard11hazard_span
FNDA:0,_RNvNtCs8VZTiruxtkl_7sql_cov6hazard14scan_join_keys
FNDA:0,_RNvNtCs8VZTiruxtkl_7sql_cov6hazard15analyze_hazards
FNDA:0,_RNvNtCs8VZTiruxtkl_7sql_cov6hazard15location_offset
FNDA:0,_RNvNtCs8VZTiruxtkl_7sql_cov6hazard26quantified_rhs_nullability
FNDA:0,_RNvNtCs8VZTiruxtkl_7sql_cov6hazard27subquery_output_nullability
FNDA:0,_RNvXNtCs8VZTiruxtkl_7sql_cov6hazardNtB2_14QueryCollectorNtNtNtCscQVfspJ30zB_9sqlparser3ast7visitor7Visitor15pre_visit_query
FNDA:0,_RNvXNvNtCs8VZTiruxtkl_7sql_cov6hazard14scan_join_keysNtB2_11JoinVisitorNtNtNtCscQVfspJ30zB_9sqlparser3ast7visitor7Visitor14pre_visit_expr
FNDA:0,_RNvXs_NtCs8VZTiruxtkl_7sql_cov6hazardNtB4_13HazardVisitorNtNtNtCscQVfspJ30zB_9sqlparser3ast7visitor7Visitor14pre_visit_expr
FNF:20
FNH:19
DA:61,117
DA:62,117
DA:63,117
DA:64,117
DA:65,117
DA:66,117
DA:67,117
DA:68,11
DA:69,64
DA:70,42
DA:72,117
DA:73,117
DA:74,117
DA:75,117
DA:77,122
DA:78,122
DA:79,0
DA:81,122
DA:82,122
DA:83,189
DA:84,189
DA:85,189
DA:88,117
DA:89,117
DA:90,5
DA:91,1
DA:92,0
DA:93,5
DA:97,117
DA:98,73
DA:99,73
DA:100,73
DA:101,73
DA:102,73
DA:103,73
DA:104,73
DA:106,117
DA:107,117
DA:108,117
DA:109,117
DA:110,117
DA:111,117
DA:112,117
DA:113,117
DA:114,117
DA:115,117
DA:125,189
DA:126,189
DA:127,189
DA:128,189
DA:131,189
DA:132,189
DA:133,189
DA:134,189
DA:135,189
DA:136,189
DA:137,189
DA:138,189
DA:139,0
DA:141,189
DA:142,189
DA:143,121
DA:144,121
DA:145,121
DA:146,121
DA:147,121
DA:148,121
DA:149,121
DA:150,121
DA:151,121
DA:152,121
DA:153,121
DA:154,189
DA:155,1
DA:156,1
DA:157,1
DA:158,1
DA:159,1
DA:160,1
DA:161,1
DA:162,1
DA:163,1
DA:164,1
DA:165,188
DA:166,189
DA:167,189
DA:168,3
DA:169,3
DA:170,3
DA:173,189
DA:187,524
DA:188,524
DA:189,524
DA:190,524
DA:191,524
DA:195,524
DA:196,524
DA:198,6
DA:200,6
DA:201,6
DA:202,6
DA:203,6
DA:204,6
DA:205,6
DA:206,6
DA:207,6
DA:208,6
DA:210,3
DA:211,3
DA:214,3
DA:215,3
DA:216,6
DA:218,3
DA:219,3
DA:220,3
DA:221,3
DA:222,3
DA:223,3
DA:224,3
DA:227,1
DA:229,1
DA:230,1
DA:231,1
DA:232,1
DA:233,1
DA:234,1
DA:235,1
DA:236,1
DA:237,1
DA:239,0
DA:242,0
DA:243,0
DA:244,0
DA:245,0
DA:246,0
DA:247,0
DA:248,0
DA:249,0
DA:250,0
DA:252,1
DA:254,1
DA:255,1
DA:256,1
DA:257,1
DA:258,1
DA:259,1
DA:260,1
DA:261,1
DA:262,1
DA:263,1
DA:264,1
DA:267,1
DA:268,1
DA:269,1
DA:270,1
DA:271,1
DA:272,1
DA:273,1
DA:274,1
DA:275,106
DA:276,106
DA:277,106
DA:278,106
DA:279,106
DA:280,106
DA:281,106
DA:282,106
DA:283,406
DA:285,524
DA:286,118
DA:287,406
DA:288,524
DA:290,524
DA:291,524
DA:292,508
DA:293,16
DA:294,16
DA:295,16
DA:296,16
DA:297,16
DA:298,16
DA:299,16
DA:300,16
DA:301,14
DA:302,2
DA:303,2
DA:304,2
DA:305,2
DA:306,2
DA:307,2
DA:308,2
DA:309,2
DA:310,2
DA:312,524
DA:314,120
DA:315,120
DA:316,120
DA:317,120
DA:318,120
DA:319,120
DA:320,120
DA:321,120
DA:322,120
DA:323,120
DA:324,47
DA:326,3
DA:327,3
DA:329,70
DA:331,70
DA:332,0
DA:334,70
DA:335,70
DA:336,70
DA:337,70
DA:338,70
DA:339,70
DA:340,70
DA:341,70
DA:342,70
DA:343,120
DA:346,106
DA:347,106
DA:348,66
DA:349,38
DA:350,38
DA:351,38
DA:352,77
DA:353,77
DA:354,77
DA:355,2
DA:357,106
DA:359,67
DA:360,67
DA:361,0
DA:363,67
DA:364,67
DA:365,67
DA:366,0
DA:367,0
DA:369,67
DA:371,3
DA:372,3
DA:373,3
DA:374,3
DA:375,3
DA:376,3
DA:377,3
DA:387,9
DA:388,9
DA:389,6
DA:391,3
DA:392,0
DA:393,3
DA:394,3
DA:395,3
DA:396,3
DA:399,3
DA:400,0
DA:402,3
DA:403,3
DA:404,3
DA:405,3
DA:406,3
DA:407,3
DA:408,3
DA:409,3
DA:410,3
DA:411,3
DA:412,3
DA:414,0
DA:416,3
DA:417,9
DA:419,3
DA:420,3
DA:421,3
DA:422,3
DA:423,3
DA:424,3
DA:425,3
DA:426,3
DA:428,73
DA:429,73
DA:430,73
DA:431,73
DA:432,73
DA:433,73
DA:434,73
DA:435,73
DA:437,73
DA:438,73
DA:439,73
DA:440,73
DA:441,73
DA:442,73
DA:443,73
DA:445,73
DA:447,146
DA:448,146
DA:449,0
DA:450,146
DA:451,146
DA:452,146
DA:453,146
DA:454,146
DA:455,146
DA:456,146
DA:457,146
DA:458,146
DA:459,146
DA:460,146
DA:461,146
DA:462,146
DA:463,146
BRF:0
BRH:0
LF:319
LH:297
end_of_record
SF:/home/yahn/easy-vm/gems/sql-cov/src/instrument.rs
FN:18,_RNvNtCs7hk0fIitb2P_7sql_cov10instrument15telemetry_query
FN:10,_RNvNtCs7hk0fIitb2P_7sql_cov10instrument17telemetry_queries
FN:30,_RNCNCNvNtCs7hk0fIitb2P_7sql_cov10instrument15telemetry_query00B7_
FN:25,_RNCNvNtCs7hk0fIitb2P_7sql_cov10instrument15telemetry_query0B5_
FN:39,_RNCNvNtCs7hk0fIitb2P_7sql_cov10instrument15telemetry_querys0_0B5_
FN:49,_RNCNvNtCs7hk0fIitb2P_7sql_cov10instrument15telemetry_querys1_0B5_
FN:35,_RNCNvNtCs7hk0fIitb2P_7sql_cov10instrument15telemetry_querys_0B5_
FN:14,_RNCNvNtCs7hk0fIitb2P_7sql_cov10instrument17telemetry_queries0B5_
FN:18,_RNvNtCs8VZTiruxtkl_7sql_cov10instrument15telemetry_query
FN:10,_RNvNtCs8VZTiruxtkl_7sql_cov10instrument17telemetry_queries
FN:30,_RNCNCNvNtCs8VZTiruxtkl_7sql_cov10instrument15telemetry_query00B7_
FN:25,_RNCNvNtCs8VZTiruxtkl_7sql_cov10instrument15telemetry_query0B5_
FN:39,_RNCNvNtCs8VZTiruxtkl_7sql_cov10instrument15telemetry_querys0_0B5_
FN:49,_RNCNvNtCs8VZTiruxtkl_7sql_cov10instrument15telemetry_querys1_0B5_
FN:35,_RNCNvNtCs8VZTiruxtkl_7sql_cov10instrument15telemetry_querys_0B5_
FN:14,_RNCNvNtCs8VZTiruxtkl_7sql_cov10instrument17telemetry_queries0B5_
FNDA:30,_RNvNtCs7hk0fIitb2P_7sql_cov10instrument15telemetry_query
FNDA:20,_RNvNtCs7hk0fIitb2P_7sql_cov10instrument17telemetry_queries
FNDA:80,_RNCNCNvNtCs7hk0fIitb2P_7sql_cov10instrument15telemetry_query00B7_
FNDA:80,_RNCNvNtCs7hk0fIitb2P_7sql_cov10instrument15telemetry_query0B5_
FNDA:80,_RNCNvNtCs7hk0fIitb2P_7sql_cov10instrument15telemetry_querys0_0B5_
FNDA:80,_RNCNvNtCs7hk0fIitb2P_7sql_cov10instrument15telemetry_querys1_0B5_
FNDA:80,_RNCNvNtCs7hk0fIitb2P_7sql_cov10instrument15telemetry_querys_0B5_
FNDA:30,_RNCNvNtCs7hk0fIitb2P_7sql_cov10instrument17telemetry_queries0B5_
FNDA:0,_RNvNtCs8VZTiruxtkl_7sql_cov10instrument15telemetry_query
FNDA:0,_RNvNtCs8VZTiruxtkl_7sql_cov10instrument17telemetry_queries
FNDA:0,_RNCNCNvNtCs8VZTiruxtkl_7sql_cov10instrument15telemetry_query00B7_
FNDA:0,_RNCNvNtCs8VZTiruxtkl_7sql_cov10instrument15telemetry_query0B5_
FNDA:0,_RNCNvNtCs8VZTiruxtkl_7sql_cov10instrument15telemetry_querys0_0B5_
FNDA:0,_RNCNvNtCs8VZTiruxtkl_7sql_cov10instrument15telemetry_querys1_0B5_
FNDA:0,_RNCNvNtCs8VZTiruxtkl_7sql_cov10instrument15telemetry_querys_0B5_
FNDA:0,_RNCNvNtCs8VZTiruxtkl_7sql_cov10instrument17telemetry_queries0B5_
FNF:8
FNH:8
DA:10,20
DA:11,20
DA:12,20
DA:13,20
DA:14,30
DA:15,20
DA:16,20
DA:18,30
DA:19,30
DA:20,0
DA:21,30
DA:22,30
DA:23,30
DA:24,30
DA:25,80
DA:26,80
DA:27,80
DA:28,80
DA:29,80
DA:30,80
DA:31,80
DA:32,30
DA:33,30
DA:34,30
DA:35,80
DA:36,30
DA:37,30
DA:38,30
DA:39,80
DA:40,80
DA:41,80
DA:42,80
DA:43,80
DA:44,80
DA:45,80
DA:46,30
DA:47,30
DA:48,30
DA:49,80
DA:50,30
DA:51,30
DA:52,0
DA:54,30
DA:56,30
DA:57,28
DA:59,2
DA:61,30
DA:62,30
DA:63,30
DA:64,30
DA:65,30
DA:66,30
DA:67,30
DA:68,30
DA:69,30
DA:70,30
DA:71,30
BRF:0
BRH:0
LF:63
LH:61
end_of_record
SF:/home/yahn/easy-vm/gems/sql-cov/src/main.rs
FN:281,_RNCNCNvCsbkSfK6g54mB_7sql_cov4main00B5_
FN:349,_RNCNvCsbkSfK6g54mB_7sql_cov12write_output0B3_
FN:83,_RNCNvCsbkSfK6g54mB_7sql_cov4main0B3_
FN:347,_RNvCsbkSfK6g54mB_7sql_cov12write_output
FN:83,_RNvCsbkSfK6g54mB_7sql_cov4main
FN:338,_RNvCsbkSfK6g54mB_7sql_cov6render
FN:347,_RNvCs9aIdCWK8beB_7sql_cov12write_output
FN:83,_RNvCs9aIdCWK8beB_7sql_cov4main
FN:338,_RNvCs9aIdCWK8beB_7sql_cov6render
FN:281,_RNCNCNvCs9aIdCWK8beB_7sql_cov4main00B5_
FN:349,_RNCNvCs9aIdCWK8beB_7sql_cov12write_output0B3_
FN:83,_RNCNvCs9aIdCWK8beB_7sql_cov4main0B3_
FNDA:0,_RNCNCNvCsbkSfK6g54mB_7sql_cov4main00B5_
FNDA:0,_RNCNvCsbkSfK6g54mB_7sql_cov12write_output0B3_
FNDA:0,_RNCNvCsbkSfK6g54mB_7sql_cov4main0B3_
FNDA:0,_RNvCsbkSfK6g54mB_7sql_cov12write_output
FNDA:0,_RNvCsbkSfK6g54mB_7sql_cov4main
FNDA:0,_RNvCsbkSfK6g54mB_7sql_cov6render
FNDA:4,_RNvCs9aIdCWK8beB_7sql_cov12write_output
FNDA:11,_RNvCs9aIdCWK8beB_7sql_cov4main
FNDA:4,_RNvCs9aIdCWK8beB_7sql_cov6render
FNDA:0,_RNCNCNvCs9aIdCWK8beB_7sql_cov4main00B5_
FNDA:0,_RNCNvCs9aIdCWK8beB_7sql_cov12write_output0B3_
FNDA:11,_RNCNvCs9aIdCWK8beB_7sql_cov4main0B3_
FNF:6
FNH:4
DA:83,11
DA:84,11
DA:85,11
DA:86,11
DA:87,11
DA:88,11
DA:89,11
DA:90,11
DA:91,11
DA:92,11
DA:93,11
DA:94,11
DA:95,11
DA:96,11
DA:97,11
DA:98,11
DA:99,11
DA:100,11
DA:101,11
DA:102,11
DA:103,11
DA:104,11
DA:105,11
DA:106,11
DA:107,11
DA:108,11
DA:109,11
DA:110,11
DA:111,11
DA:112,11
DA:113,11
DA:114,11
DA:115,11
DA:116,11
DA:117,11
DA:118,11
DA:119,11
DA:120,11
DA:121,11
DA:122,11
DA:123,11
DA:124,11
DA:125,11
DA:126,11
DA:127,11
DA:128,11
DA:129,11
DA:130,11
DA:131,11
DA:132,11
DA:133,11
DA:134,11
DA:135,11
DA:136,11
DA:137,11
DA:138,11
DA:139,11
DA:140,11
DA:141,11
DA:142,11
DA:143,11
DA:144,11
DA:145,11
DA:146,11
DA:147,11
DA:148,11
DA:149,11
DA:150,11
DA:151,11
DA:152,11
DA:153,11
DA:154,11
DA:155,11
DA:156,11
DA:157,11
DA:158,11
DA:159,11
DA:160,11
DA:161,11
DA:162,11
DA:163,11
DA:164,11
DA:165,11
DA:166,11
DA:167,11
DA:168,11
DA:169,11
DA:170,11
DA:171,11
DA:172,11
DA:173,11
DA:174,11
DA:175,11
DA:176,11
DA:177,11
DA:178,11
DA:179,11
DA:180,11
DA:181,11
DA:182,11
DA:183,11
DA:184,11
DA:185,11
DA:186,11
DA:187,11
DA:188,11
DA:189,11
DA:190,11
DA:191,11
DA:192,11
DA:193,11
DA:194,11
DA:195,11
DA:196,11
DA:197,11
DA:198,11
DA:199,11
DA:200,11
DA:201,0
DA:202,0
DA:203,11
DA:204,11
DA:205,11
DA:206,11
DA:207,11
DA:208,11
DA:209,11
DA:210,11
DA:211,11
DA:212,11
DA:213,11
DA:214,11
DA:215,11
DA:216,11
DA:217,11
DA:218,11
DA:219,11
DA:220,11
DA:221,11
DA:222,11
DA:223,11
DA:224,11
DA:225,11
DA:226,11
DA:227,0
DA:228,0
DA:229,0
DA:230,11
DA:231,0
DA:232,0
DA:233,11
DA:234,11
DA:235,0
DA:236,0
DA:237,11
DA:238,11
DA:239,11
DA:240,11
DA:241,11
DA:242,11
DA:243,11
DA:244,11
DA:245,11
DA:246,11
DA:247,11
DA:248,11
DA:249,11
DA:250,11
DA:251,11
DA:252,11
DA:253,11
DA:254,11
DA:255,11
DA:256,11
DA:257,11
DA:258,11
DA:259,11
DA:260,11
DA:261,11
DA:262,11
DA:263,11
DA:264,11
DA:265,11
DA:266,11
DA:267,11
DA:268,11
DA:269,11
DA:270,11
DA:271,11
DA:272,11
DA:273,11
DA:274,11
DA:275,11
DA:276,11
DA:277,11
DA:278,11
DA:279,11
DA:280,11
DA:281,11
DA:282,11
DA:283,11
DA:284,11
DA:285,11
DA:286,11
DA:287,11
DA:288,11
DA:289,11
DA:290,0
DA:291,0
DA:292,0
DA:293,0
DA:294,11
DA:295,11
DA:296,11
DA:297,0
DA:298,0
DA:299,0
DA:300,0
DA:301,11
DA:302,11
DA:303,11
DA:304,11
DA:305,11
DA:306,11
DA:307,11
DA:308,11
DA:309,11
DA:310,11
DA:311,11
DA:312,11
DA:313,11
DA:314,11
DA:315,11
DA:316,11
DA:317,11
DA:318,11
DA:319,11
DA:320,0
DA:321,0
DA:322,0
DA:323,0
DA:324,0
DA:325,0
DA:326,0
DA:327,0
DA:328,0
DA:329,0
DA:330,0
DA:331,0
DA:332,0
DA:333,11
DA:334,11
DA:335,11
DA:336,11
DA:338,4
DA:339,4
DA:340,4
DA:341,2
DA:342,1
DA:343,1
DA:345,4
DA:347,4
DA:348,4
DA:349,3
DA:350,1
DA:351,1
DA:352,1
DA:353,4
DA:354,4
BRF:0
BRH:0
LF:470
LH:334
end_of_record
SF:/home/yahn/easy-vm/gems/sql-cov/src/model.rs
FN:54,_RNvMNtCs7hk0fIitb2P_7sql_cov5modelNtB2_14CoverageMetric12branch_count
FN:66,_RNvMNtCs7hk0fIitb2P_7sql_cov5modelNtB2_14CoverageMetric12is_uncovered
FN:62,_RNvMNtCs7hk0fIitb2P_7sql_cov5modelNtB2_14CoverageMetric16is_fully_covered
FN:48,_RNvMNtCs7hk0fIitb2P_7sql_cov5modelNtB2_14CoverageMetric20covered_branch_count
FN:91,_RNvMs_NtCs7hk0fIitb2P_7sql_cov5modelNtB4_18SourceFileCoverage14total_branches
FN:83,_RNvMs_NtCs7hk0fIitb2P_7sql_cov5modelNtB4_18SourceFileCoverage16covered_branches
FN:54,_RNvMNtCs8VZTiruxtkl_7sql_cov5modelNtB2_14CoverageMetric12branch_count
FN:66,_RNvMNtCs8VZTiruxtkl_7sql_cov5modelNtB2_14CoverageMetric12is_uncovered
FN:62,_RNvMNtCs8VZTiruxtkl_7sql_cov5modelNtB2_14CoverageMetric16is_fully_covered
FN:48,_RNvMNtCs8VZTiruxtkl_7sql_cov5modelNtB2_14CoverageMetric20covered_branch_count
FN:91,_RNvMs_NtCs8VZTiruxtkl_7sql_cov5modelNtB4_18SourceFileCoverage14total_branches
FN:83,_RNvMs_NtCs8VZTiruxtkl_7sql_cov5modelNtB4_18SourceFileCoverage16covered_branches
FNDA:54,_RNvMNtCs7hk0fIitb2P_7sql_cov5modelNtB2_14CoverageMetric12branch_count
FNDA:18,_RNvMNtCs7hk0fIitb2P_7sql_cov5modelNtB2_14CoverageMetric12is_uncovered
FNDA:20,_RNvMNtCs7hk0fIitb2P_7sql_cov5modelNtB2_14CoverageMetric16is_fully_covered
FNDA:45,_RNvMNtCs7hk0fIitb2P_7sql_cov5modelNtB2_14CoverageMetric20covered_branch_count
FNDA:6,_RNvMs_NtCs7hk0fIitb2P_7sql_cov5modelNtB4_18SourceFileCoverage14total_branches
FNDA:6,_RNvMs_NtCs7hk0fIitb2P_7sql_cov5modelNtB4_18SourceFileCoverage16covered_branches
FNDA:0,_RNvMNtCs8VZTiruxtkl_7sql_cov5modelNtB2_14CoverageMetric12branch_count
FNDA:0,_RNvMNtCs8VZTiruxtkl_7sql_cov5modelNtB2_14CoverageMetric12is_uncovered
FNDA:0,_RNvMNtCs8VZTiruxtkl_7sql_cov5modelNtB2_14CoverageMetric16is_fully_covered
FNDA:0,_RNvMNtCs8VZTiruxtkl_7sql_cov5modelNtB2_14CoverageMetric20covered_branch_count
FNDA:0,_RNvMs_NtCs8VZTiruxtkl_7sql_cov5modelNtB4_18SourceFileCoverage14total_branches
FNDA:0,_RNvMs_NtCs8VZTiruxtkl_7sql_cov5modelNtB4_18SourceFileCoverage16covered_branches
FNF:6
FNH:6
DA:48,45
DA:49,45
DA:50,45
DA:51,45
DA:52,45
DA:54,54
DA:55,54
DA:56,51
DA:58,3
DA:60,54
DA:62,20
DA:63,20
DA:64,20
DA:66,18
DA:67,18
DA:68,18
DA:83,6
DA:84,6
DA:85,6
DA:86,6
DA:87,6
DA:88,6
DA:89,6
DA:91,6
DA:92,6
DA:93,6
DA:94,6
DA:95,6
DA:96,6
DA:97,6
BRF:0
BRH:0
LF:30
LH:30
end_of_record
SF:/home/yahn/easy-vm/gems/sql-cov/src/nullability.rs
FN:44,_RNvMNtCs7hk0fIitb2P_7sql_cov11nullabilityNtB2_19NullabilityEvidence5merge
FN:23,_RNvMNtCs7hk0fIitb2P_7sql_cov11nullabilityNtB2_19NullabilityEvidence5never
FN:65,_RNvMs_NtCs7hk0fIitb2P_7sql_cov11nullabilityNtB4_8Resolver3new
FN:127,_RNvNtCs7hk0fIitb2P_7sql_cov11nullability11nullability
FN:97,_RNvNtCs7hk0fIitb2P_7sql_cov11nullability15register_factor
FN:269,_RNvNtCs7hk0fIitb2P_7sql_cov11nullability17resolve_qualified
FN:356,_RNvNtCs7hk0fIitb2P_7sql_cov11nullability18referenced_aliases
FN:301,_RNvNtCs7hk0fIitb2P_7sql_cov11nullability19resolve_unqualified
FN:74,_RNvNtCs7hk0fIitb2P_7sql_cov11nullability19resolver_for_select
FN:195,_RNvNtCs7hk0fIitb2P_7sql_cov11nullability20coalesce_nullability
FN:380,_RNvNtCs7hk0fIitb2P_7sql_cov11nullability27is_null_rejecting_predicate
FN:335,_RNvNtCs7hk0fIitb2P_7sql_cov11nullability32explicitly_null_accepted_aliases
FN:401,_RNvNtCs7hk0fIitb2P_7sql_cov11nullability9join_expr
FN:363,_RNvXNvNtCs7hk0fIitb2P_7sql_cov11nullability18referenced_aliasesNtB2_12AliasVisitorNtNtNtCscQVfspJ30zB_9sqlparser3ast7visitor7Visitor14pre_visit_expr
FN:342,_RNvXNvNtCs7hk0fIitb2P_7sql_cov11nullability32explicitly_null_accepted_aliasesNtB2_17NullPolicyVisitorNtNtNtCscQVfspJ30zB_9sqlparser3ast7visitor7Visitor14pre_visit_expr
FN:246,_RNvXs0_NtCs7hk0fIitb2P_7sql_cov11nullabilityNtB5_21NullableColumnVisitorNtNtNtCscQVfspJ30zB_9sqlparser3ast7visitor7Visitor14pre_visit_expr
FN:30,_RINvMNtCs7hk0fIitb2P_7sql_cov11nullabilityNtB3_19NullabilityEvidence7unknownNtNtCsgW8esjfipvk_5alloc6string6StringEB5_
FN:30,_RINvMNtCs7hk0fIitb2P_7sql_cov11nullabilityNtB3_19NullabilityEvidence7unknownReEB5_
FN:37,_RINvMNtCs7hk0fIitb2P_7sql_cov11nullabilityNtB3_19NullabilityEvidence8nullableNtNtCsgW8esjfipvk_5alloc6string6StringEB5_
FN:37,_RINvMNtCs7hk0fIitb2P_7sql_cov11nullabilityNtB3_19NullabilityEvidence8nullableReEB5_
FN:310,_RNCNCNvNtCs7hk0fIitb2P_7sql_cov11nullability19resolve_unqualified00B7_
FN:165,_RNCNvNtCs7hk0fIitb2P_7sql_cov11nullability11nullability0B5_
FN:104,_RNCNvNtCs7hk0fIitb2P_7sql_cov11nullability15register_factor0B5_
FN:305,_RNCNvNtCs7hk0fIitb2P_7sql_cov11nullability19resolve_unqualified0B5_
FN:320,_RNCNvNtCs7hk0fIitb2P_7sql_cov11nullability19resolve_unqualifieds_0B5_
FN:206,_RNCNvNtCs7hk0fIitb2P_7sql_cov11nullability20coalesce_nullability0B5_
FN:226,_RNCNvNtCs7hk0fIitb2P_7sql_cov11nullability20coalesce_nullabilitys0_0B5_
FN:220,_RNCNvNtCs7hk0fIitb2P_7sql_cov11nullability20coalesce_nullabilitys_0B5_
FN:30,_RINvMNtCs8VZTiruxtkl_7sql_cov11nullabilityNtB3_19NullabilityEvidence7unknownpEB5_
FN:37,_RINvMNtCs8VZTiruxtkl_7sql_cov11nullabilityNtB3_19NullabilityEvidence8nullablepEB5_
FN:310,_RNCNCNvNtCs8VZTiruxtkl_7sql_cov11nullability19resolve_unqualified00B7_
FN:165,_RNCNvNtCs8VZTiruxtkl_7sql_cov11nullability11nullability0B5_
FN:104,_RNCNvNtCs8VZTiruxtkl_7sql_cov11nullability15register_factor0B5_
FN:305,_RNCNvNtCs8VZTiruxtkl_7sql_cov11nullability19resolve_unqualified0B5_
FN:320,_RNCNvNtCs8VZTiruxtkl_7sql_cov11nullability19resolve_unqualifieds_0B5_
FN:206,_RNCNvNtCs8VZTiruxtkl_7sql_cov11nullability20coalesce_nullability0B5_
FN:226,_RNCNvNtCs8VZTiruxtkl_7sql_cov11nullability20coalesce_nullabilitys0_0B5_
FN:220,_RNCNvNtCs8VZTiruxtkl_7sql_cov11nullability20coalesce_nullabilitys_0B5_
FN:44,_RNvMNtCs8VZTiruxtkl_7sql_cov11nullabilityNtB2_19NullabilityEvidence5merge
FN:23,_RNvMNtCs8VZTiruxtkl_7sql_cov11nullabilityNtB2_19NullabilityEvidence5never
FN:65,_RNvMs_NtCs8VZTiruxtkl_7sql_cov11nullabilityNtB4_8Resolver3new
FN:127,_RNvNtCs8VZTiruxtkl_7sql_cov11nullability11nullability
FN:97,_RNvNtCs8VZTiruxtkl_7sql_cov11nullability15register_factor
FN:269,_RNvNtCs8VZTiruxtkl_7sql_cov11nullability17resolve_qualified
FN:356,_RNvNtCs8VZTiruxtkl_7sql_cov11nullability18referenced_aliases
FN:301,_RNvNtCs8VZTiruxtkl_7sql_cov11nullability19resolve_unqualified
FN:74,_RNvNtCs8VZTiruxtkl_7sql_cov11nullability19resolver_for_select
FN:195,_RNvNtCs8VZTiruxtkl_7sql_cov11nullability20coalesce_nullability
FN:380,_RNvNtCs8VZTiruxtkl_7sql_cov11nullability27is_null_rejecting_predicate
FN:335,_RNvNtCs8VZTiruxtkl_7sql_cov11nullability32explicitly_null_accepted_aliases
FN:401,_RNvNtCs8VZTiruxtkl_7sql_cov11nullability9join_expr
FN:363,_RNvXNvNtCs8VZTiruxtkl_7sql_cov11nullability18referenced_aliasesNtB2_12AliasVisitorNtNtNtCscQVfspJ30zB_9sqlparser3ast7visitor7Visitor14pre_visit_expr
FN:342,_RNvXNvNtCs8VZTiruxtkl_7sql_cov11nullability32explicitly_null_accepted_aliasesNtB2_17NullPolicyVisitorNtNtNtCscQVfspJ30zB_9sqlparser3ast7visitor7Visitor14pre_visit_expr
FN:246,_RNvXs0_NtCs8VZTiruxtkl_7sql_cov11nullabilityNtB5_21NullableColumnVisitorNtNtNtCscQVfspJ30zB_9sqlparser3ast7visitor7Visitor14pre_visit_expr
FNDA:452,_RNvMNtCs7hk0fIitb2P_7sql_cov11nullabilityNtB2_19NullabilityEvidence5merge
FNDA:494,_RNvMNtCs7hk0fIitb2P_7sql_cov11nullabilityNtB2_19NullabilityEvidence5never
FNDA:350,_RNvMs_NtCs7hk0fIitb2P_7sql_cov11nullabilityNtB4_8Resolver3new
FNDA:869,_RNvNtCs7hk0fIitb2P_7sql_cov11nullability11nullability
FNDA:573,_RNvNtCs7hk0fIitb2P_7sql_cov11nullability15register_factor
FNDA:212,_RNvNtCs7hk0fIitb2P_7sql_cov11nullability17resolve_qualified
FNDA:599,_RNvNtCs7hk0fIitb2P_7sql_cov11nullability18referenced_aliases
FNDA:237,_RNvNtCs7hk0fIitb2P_7sql_cov11nullability19resolve_unqualified
FNDA:256,_RNvNtCs7hk0fIitb2P_7sql_cov11nullability19resolver_for_select
FNDA:4,_RNvNtCs7hk0fIitb2P_7sql_cov11nullability20coalesce_nullability
FNDA:524,_RNvNtCs7hk0fIitb2P_7sql_cov11nullability27is_null_rejecting_predicate
FNDA:121,_RNvNtCs7hk0fIitb2P_7sql_cov11nullability32explicitly_null_accepted_aliases
FNDA:3,_RNvNtCs7hk0fIitb2P_7sql_cov11nullability9join_expr
FNDA:3238,_RNvXNvNtCs7hk0fIitb2P_7sql_cov11nullability18referenced_aliasesNtB2_12AliasVisitorNtNtNtCscQVfspJ30zB_9sqlparser3ast7visitor7Visitor14pre_visit_expr
FNDA:521,_RNvXNvNtCs7hk0fIitb2P_7sql_cov11nullability32explicitly_null_accepted_aliasesNtB2_17NullPolicyVisitorNtNtNtCscQVfspJ30zB_9sqlparser3ast7visitor7Visitor14pre_visit_expr
FNDA:78,_RNvXs0_NtCs7hk0fIitb2P_7sql_cov11nullabilityNtB5_21NullableColumnVisitorNtNtNtCscQVfspJ30zB_9sqlparser3ast7visitor7Visitor14pre_visit_expr
FNDA:48,_RINvMNtCs7hk0fIitb2P_7sql_cov11nullabilityNtB3_19NullabilityEvidence7unknownNtNtCsgW8esjfipvk_5alloc6string6StringEB5_
FNDA:46,_RINvMNtCs7hk0fIitb2P_7sql_cov11nullabilityNtB3_19NullabilityEvidence7unknownReEB5_
FNDA:115,_RINvMNtCs7hk0fIitb2P_7sql_cov11nullabilityNtB3_19NullabilityEvidence8nullableNtNtCsgW8esjfipvk_5alloc6string6StringEB5_
FNDA:17,_RINvMNtCs7hk0fIitb2P_7sql_cov11nullabilityNtB3_19NullabilityEvidence8nullableReEB5_
FNDA:217,_RNCNCNvNtCs7hk0fIitb2P_7sql_cov11nullability19resolve_unqualified00B7_
FNDA:4,_RNCNvNtCs7hk0fIitb2P_7sql_cov11nullability11nullability0B5_
FNDA:159,_RNCNvNtCs7hk0fIitb2P_7sql_cov11nullability15register_factor0B5_
FNDA:241,_RNCNvNtCs7hk0fIitb2P_7sql_cov11nullability19resolve_unqualified0B5_
FNDA:217,_RNCNvNtCs7hk0fIitb2P_7sql_cov11nullability19resolve_unqualifieds_0B5_
FNDA:8,_RNCNvNtCs7hk0fIitb2P_7sql_cov11nullability20coalesce_nullability0B5_
FNDA:0,_RNCNvNtCs7hk0fIitb2P_7sql_cov11nullability20coalesce_nullabilitys0_0B5_
FNDA:8,_RNCNvNtCs7hk0fIitb2P_7sql_cov11nullability20coalesce_nullabilitys_0B5_
FNDA:0,_RINvMNtCs8VZTiruxtkl_7sql_cov11nullabilityNtB3_19NullabilityEvidence7unknownpEB5_
FNDA:0,_RINvMNtCs8VZTiruxtkl_7sql_cov11nullabilityNtB3_19NullabilityEvidence8nullablepEB5_
FNDA:0,_RNCNCNvNtCs8VZTiruxtkl_7sql_cov11nullability19resolve_unqualified00B7_
FNDA:0,_RNCNvNtCs8VZTiruxtkl_7sql_cov11nullability11nullability0B5_
FNDA:0,_RNCNvNtCs8VZTiruxtkl_7sql_cov11nullability15register_factor0B5_
FNDA:0,_RNCNvNtCs8VZTiruxtkl_7sql_cov11nullability19resolve_unqualified0B5_
FNDA:0,_RNCNvNtCs8VZTiruxtkl_7sql_cov11nullability19resolve_unqualifieds_0B5_
FNDA:0,_RNCNvNtCs8VZTiruxtkl_7sql_cov11nullability20coalesce_nullability0B5_
FNDA:0,_RNCNvNtCs8VZTiruxtkl_7sql_cov11nullability20coalesce_nullabilitys0_0B5_
FNDA:0,_RNCNvNtCs8VZTiruxtkl_7sql_cov11nullability20coalesce_nullabilitys_0B5_
FNDA:0,_RNvMNtCs8VZTiruxtkl_7sql_cov11nullabilityNtB2_19NullabilityEvidence5merge
FNDA:0,_RNvMNtCs8VZTiruxtkl_7sql_cov11nullabilityNtB2_19NullabilityEvidence5never
FNDA:0,_RNvMs_NtCs8VZTiruxtkl_7sql_cov11nullabilityNtB4_8Resolver3new
FNDA:0,_RNvNtCs8VZTiruxtkl_7sql_cov11nullability11nullability
FNDA:0,_RNvNtCs8VZTiruxtkl_7sql_cov11nullability15register_factor
FNDA:0,_RNvNtCs8VZTiruxtkl_7sql_cov11nullability17resolve_qualified
FNDA:0,_RNvNtCs8VZTiruxtkl_7sql_cov11nullability18referenced_aliases
FNDA:0,_RNvNtCs8VZTiruxtkl_7sql_cov11nullability19resolve_unqualified
FNDA:0,_RNvNtCs8VZTiruxtkl_7sql_cov11nullability19resolver_for_select
FNDA:0,_RNvNtCs8VZTiruxtkl_7sql_cov11nullability20coalesce_nullability
FNDA:0,_RNvNtCs8VZTiruxtkl_7sql_cov11nullability27is_null_rejecting_predicate
FNDA:0,_RNvNtCs8VZTiruxtkl_7sql_cov11nullability32explicitly_null_accepted_aliases
FNDA:0,_RNvNtCs8VZTiruxtkl_7sql_cov11nullability9join_expr
FNDA:0,_RNvXNvNtCs8VZTiruxtkl_7sql_cov11nullability18referenced_aliasesNtB2_12AliasVisitorNtNtNtCscQVfspJ30zB_9sqlparser3ast7visitor7Visitor14pre_visit_expr
FNDA:0,_RNvXNvNtCs8VZTiruxtkl_7sql_cov11nullability32explicitly_null_accepted_aliasesNtB2_17NullPolicyVisitorNtNtNtCscQVfspJ30zB_9sqlparser3ast7visitor7Visitor14pre_visit_expr
FNDA:0,_RNvXs0_NtCs8VZTiruxtkl_7sql_cov11nullabilityNtB5_21NullableColumnVisitorNtNtNtCscQVfspJ30zB_9sqlparser3ast7visitor7Visitor14pre_visit_expr
FNF:26
FNH:25
DA:23,494
DA:24,494
DA:25,494
DA:26,494
DA:27,494
DA:28,494
DA:30,94
DA:31,94
DA:32,94
DA:33,94
DA:34,94
DA:35,94
DA:37,132
DA:38,132
DA:39,132
DA:40,132
DA:41,132
DA:42,132
DA:44,452
DA:45,452
DA:46,152
DA:47,87
DA:48,213
DA:50,452
DA:51,452
DA:52,452
DA:53,452
DA:54,452
DA:65,350
DA:66,350
DA:67,350
DA:68,350
DA:69,350
DA:70,350
DA:71,350
DA:74,256
DA:75,256
DA:76,256
DA:77,256
DA:78,256
DA:79,3
DA:80,3
DA:83,3
DA:84,3
DA:86,0
DA:87,0
DA:88,0
DA:89,0
DA:90,3
DA:91,3
DA:94,256
DA:95,256
DA:97,573
DA:98,573
DA:99,558
DA:100,558
DA:101,558
DA:102,558
DA:103,558
DA:104,558
DA:105,558
DA:106,558
DA:107,558
DA:108,558
DA:109,558
DA:110,558
DA:111,48
DA:112,510
DA:114,15
DA:115,15
DA:116,0
DA:117,0
DA:118,0
DA:119,0
DA:120,0
DA:121,15
DA:123,0
DA:125,573
DA:127,869
DA:128,869
DA:129,869
DA:130,869
DA:131,869
DA:132,203
DA:133,216
DA:134,203
DA:135,203
DA:136,203
DA:137,203
DA:138,203
DA:140,169
DA:141,17
DA:142,46
DA:143,106
DA:145,8
DA:146,8
DA:148,5
DA:149,4
DA:151,217
DA:152,217
DA:154,0
DA:155,0
DA:156,0
DA:158,0
DA:159,0
DA:160,0
DA:162,2
DA:163,2
DA:164,2
DA:165,4
DA:176,30
DA:178,20
DA:179,20
DA:180,20
DA:181,20
DA:182,20
DA:183,20
DA:184,20
DA:185,10
DA:189,10
DA:193,869
DA:195,4
DA:196,4
DA:197,4
DA:198,4
DA:199,4
DA:200,4
DA:201,0
DA:203,4
DA:204,4
DA:205,4
DA:206,8
DA:207,8
DA:208,0
DA:209,0
DA:210,8
DA:212,8
DA:213,8
DA:214,8
DA:216,0
DA:218,8
DA:219,4
DA:220,8
DA:221,4
DA:222,0
DA:223,0
DA:224,0
DA:225,0
DA:226,0
DA:228,0
DA:231,0
DA:232,0
DA:233,0
DA:234,0
DA:235,4
DA:246,78
DA:247,78
DA:248,21
DA:249,21
DA:251,9
DA:252,9
DA:253,9
DA:254,9
DA:255,9
DA:256,9
DA:257,23
DA:258,0
DA:259,0
DA:260,48
DA:262,78
DA:263,30
DA:264,48
DA:265,78
DA:266,78
DA:269,212
DA:270,212
DA:271,212
DA:272,212
DA:273,212
DA:274,212
DA:275,212
DA:276,212
DA:277,2
DA:280,210
DA:281,210
DA:282,4
DA:284,206
DA:285,0
DA:289,206
DA:290,14
DA:294,192
DA:295,50
DA:297,142
DA:299,212
DA:301,237
DA:302,237
DA:303,237
DA:304,237
DA:305,241
DA:306,241
DA:307,241
DA:308,241
DA:309,241
DA:310,241
DA:311,241
DA:312,237
DA:313,237
DA:314,20
DA:317,217
DA:318,217
DA:319,217
DA:320,217
DA:322,0
DA:325,217
DA:326,217
DA:327,63
DA:331,154
DA:332,154
DA:333,237
DA:335,121
DA:342,521
DA:343,521
DA:344,2
DA:345,519
DA:346,521
DA:347,521
DA:349,121
DA:350,121
DA:351,121
DA:352,121
DA:353,121
DA:354,121
DA:356,599
DA:363,3238
DA:364,3238
DA:365,994
DA:366,994
DA:367,994
DA:368,994
DA:369,2244
DA:370,3238
DA:371,3238
DA:373,599
DA:374,599
DA:375,599
DA:376,599
DA:377,599
DA:378,599
DA:380,524
DA:381,508
DA:382,13
DA:399,524
DA:401,3
DA:403,3
DA:404,0
DA:405,0
DA:406,3
DA:407,0
DA:408,0
DA:409,0
DA:410,0
DA:411,0
DA:412,0
DA:413,0
DA:414,0
DA:415,0
DA:416,0
DA:417,0
DA:418,3
DA:419,0
DA:421,3
DA:422,3
DA:423,0
DA:425,3
BRF:0
BRH:0
LF:281
LH:231
end_of_record
SF:/home/yahn/easy-vm/gems/sql-cov/src/parser.rs
FN:22,_RNvMNtCs7hk0fIitb2P_7sql_cov6parserNtB2_11DialectName5parse
FN:33,_RNvMNtCs7hk0fIitb2P_7sql_cov6parserNtB2_11DialectName6as_str
FN:56,_RNvNtCs7hk0fIitb2P_7sql_cov6parser11analyze_sql
FN:596,_RNvNtCs7hk0fIitb2P_7sql_cov6parser14is_local_alias
FN:125,_RNvNtCs7hk0fIitb2P_7sql_cov6parser14traverse_query
FN:633,_RNvNtCs7hk0fIitb2P_7sql_cov6parser15expression_span
FN:722,_RNvNtCs7hk0fIitb2P_7sql_cov6parser15join_expression
FN:704,_RNvNtCs7hk0fIitb2P_7sql_cov6parser15location_offset
FN:235,_RNvNtCs7hk0fIitb2P_7sql_cov6parser15traverse_select
FN:165,_RNvNtCs7hk0fIitb2P_7sql_cov6parser17traverse_set_expr
FN:600,_RNvNtCs7hk0fIitb2P_7sql_cov6parser22is_coverage_expression
FN:547,_RNvNtCs7hk0fIitb2P_7sql_cov6parser24is_correlated_expression
FN:454,_RNvNtCs7hk0fIitb2P_7sql_cov6parser25find_coverage_expressions
FN:675,_RNvNtCs7hk0fIitb2P_7sql_cov6parser27anonymous_parameter_indices
FN:397,_RNvNtCs7hk0fIitb2P_7sql_cov6parser27collect_exprs_with_resolver
FN:566,_RNvXNvNtCs7hk0fIitb2P_7sql_cov6parser24is_correlated_expressionNtB2_18UnqualifiedVisitorNtNtNtCscQVfspJ30zB_9sqlparser3ast7visitor7Visitor14pre_visit_expr
FN:386,_RNvXs_NtCs7hk0fIitb2P_7sql_cov6parserNtB4_17SubqueryCollectorNtNtNtCscQVfspJ30zB_9sqlparser3ast7visitor7Visitor15pre_visit_query
FN:576,_RNCNCNvXNvNtCs7hk0fIitb2P_7sql_cov6parser24is_correlated_expressionNtB6_18UnqualifiedVisitorNtNtNtCscQVfspJ30zB_9sqlparser3ast7visitor7Visitor14pre_visit_exprs0_00Ba_
FN:572,_RNCNCNvXNvNtCs7hk0fIitb2P_7sql_cov6parser24is_correlated_expressionNtB6_18UnqualifiedVisitorNtNtNtCscQVfspJ30zB_9sqlparser3ast7visitor7Visitor14pre_visit_exprs_00Ba_
FN:68,_RNCNvNtCs7hk0fIitb2P_7sql_cov6parser11analyze_sql0B5_
FN:718,_RNCNvNtCs7hk0fIitb2P_7sql_cov6parser15location_offsets_0B5_
FN:428,_RNCNvNtCs7hk0fIitb2P_7sql_cov6parser27collect_exprs_with_resolver0B5_
FN:570,_RNCNvXNvNtCs7hk0fIitb2P_7sql_cov6parser24is_correlated_expressionNtB4_18UnqualifiedVisitorNtNtNtCscQVfspJ30zB_9sqlparser3ast7visitor7Visitor14pre_visit_expr0B8_
FN:575,_RNCNvXNvNtCs7hk0fIitb2P_7sql_cov6parser24is_correlated_expressionNtB4_18UnqualifiedVisitorNtNtNtCscQVfspJ30zB_9sqlparser3ast7visitor7Visitor14pre_visit_exprs0_0B8_
FN:571,_RNCNvXNvNtCs7hk0fIitb2P_7sql_cov6parser24is_correlated_expressionNtB4_18UnqualifiedVisitorNtNtNtCscQVfspJ30zB_9sqlparser3ast7visitor7Visitor14pre_visit_exprs_0B8_
FN:576,_RNCNCNvXNvNtCs8VZTiruxtkl_7sql_cov6parser24is_correlated_expressionNtB6_18UnqualifiedVisitorNtNtNtCscQVfspJ30zB_9sqlparser3ast7visitor7Visitor14pre_visit_exprs0_00Ba_
FN:572,_RNCNCNvXNvNtCs8VZTiruxtkl_7sql_cov6parser24is_correlated_expressionNtB6_18UnqualifiedVisitorNtNtNtCscQVfspJ30zB_9sqlparser3ast7visitor7Visitor14pre_visit_exprs_00Ba_
FN:68,_RNCNvNtCs8VZTiruxtkl_7sql_cov6parser11analyze_sql0B5_
FN:718,_RNCNvNtCs8VZTiruxtkl_7sql_cov6parser15location_offsets_0B5_
FN:428,_RNCNvNtCs8VZTiruxtkl_7sql_cov6parser27collect_exprs_with_resolver0B5_
FN:570,_RNCNvXNvNtCs8VZTiruxtkl_7sql_cov6parser24is_correlated_expressionNtB4_18UnqualifiedVisitorNtNtNtCscQVfspJ30zB_9sqlparser3ast7visitor7Visitor14pre_visit_expr0B8_
FN:575,_RNCNvXNvNtCs8VZTiruxtkl_7sql_cov6parser24is_correlated_expressionNtB4_18UnqualifiedVisitorNtNtNtCscQVfspJ30zB_9sqlparser3ast7visitor7Visitor14pre_visit_exprs0_0B8_
FN:571,_RNCNvXNvNtCs8VZTiruxtkl_7sql_cov6parser24is_correlated_expressionNtB4_18UnqualifiedVisitorNtNtNtCscQVfspJ30zB_9sqlparser3ast7visitor7Visitor14pre_visit_exprs_0B8_
FN:22,_RNvMNtCs8VZTiruxtkl_7sql_cov6parserNtB2_11DialectName5parse
FN:33,_RNvMNtCs8VZTiruxtkl_7sql_cov6parserNtB2_11DialectName6as_str
FN:56,_RNvNtCs8VZTiruxtkl_7sql_cov6parser11analyze_sql
FN:596,_RNvNtCs8VZTiruxtkl_7sql_cov6parser14is_local_alias
FN:125,_RNvNtCs8VZTiruxtkl_7sql_cov6parser14traverse_query
FN:633,_RNvNtCs8VZTiruxtkl_7sql_cov6parser15expression_span
FN:722,_RNvNtCs8VZTiruxtkl_7sql_cov6parser15join_expression
FN:704,_RNvNtCs8VZTiruxtkl_7sql_cov6parser15location_offset
FN:235,_RNvNtCs8VZTiruxtkl_7sql_cov6parser15traverse_select
FN:165,_RNvNtCs8VZTiruxtkl_7sql_cov6parser17traverse_set_expr
FN:600,_RNvNtCs8VZTiruxtkl_7sql_cov6parser22is_coverage_expression
FN:547,_RNvNtCs8VZTiruxtkl_7sql_cov6parser24is_correlated_expression
FN:454,_RNvNtCs8VZTiruxtkl_7sql_cov6parser25find_coverage_expressions
FN:675,_RNvNtCs8VZTiruxtkl_7sql_cov6parser27anonymous_parameter_indices
FN:397,_RNvNtCs8VZTiruxtkl_7sql_cov6parser27collect_exprs_with_resolver
FN:566,_RNvXNvNtCs8VZTiruxtkl_7sql_cov6parser24is_correlated_expressionNtB2_18UnqualifiedVisitorNtNtNtCscQVfspJ30zB_9sqlparser3ast7visitor7Visitor14pre_visit_expr
FN:386,_RNvXs_NtCs8VZTiruxtkl_7sql_cov6parserNtB4_17SubqueryCollectorNtNtNtCscQVfspJ30zB_9sqlparser3ast7visitor7Visitor15pre_visit_query
FNDA:31,_RNvMNtCs7hk0fIitb2P_7sql_cov6parserNtB2_11DialectName5parse
FNDA:246,_RNvMNtCs7hk0fIitb2P_7sql_cov6parserNtB2_11DialectName6as_str
FNDA:123,_RNvNtCs7hk0fIitb2P_7sql_cov6parser11analyze_sql
FNDA:104,_RNvNtCs7hk0fIitb2P_7sql_cov6parser14is_local_alias
FNDA:238,_RNvNtCs7hk0fIitb2P_7sql_cov6parser14traverse_query
FNDA:581,_RNvNtCs7hk0fIitb2P_7sql_cov6parser15expression_span
FNDA:128,_RNvNtCs7hk0fIitb2P_7sql_cov6parser15join_expression
FNDA:1162,_RNvNtCs7hk0fIitb2P_7sql_cov6parser15location_offset
FNDA:253,_RNvNtCs7hk0fIitb2P_7sql_cov6parser15traverse_select
FNDA:272,_RNvNtCs7hk0fIitb2P_7sql_cov6parser17traverse_set_expr
FNDA:1393,_RNvNtCs7hk0fIitb2P_7sql_cov6parser22is_coverage_expression
FNDA:581,_RNvNtCs7hk0fIitb2P_7sql_cov6parser24is_correlated_expression
FNDA:1393,_RNvNtCs7hk0fIitb2P_7sql_cov6parser25find_coverage_expressions
FNDA:581,_RNvNtCs7hk0fIitb2P_7sql_cov6parser27anonymous_parameter_indices
FNDA:222,_RNvNtCs7hk0fIitb2P_7sql_cov6parser27collect_exprs_with_resolver
FNDA:2589,_RNvXNvNtCs7hk0fIitb2P_7sql_cov6parser24is_correlated_expressionNtB2_18UnqualifiedVisitorNtNtNtCscQVfspJ30zB_9sqlparser3ast7visitor7Visitor14pre_visit_expr
FNDA:65,_RNvXs_NtCs7hk0fIitb2P_7sql_cov6parserNtB4_17SubqueryCollectorNtNtNtCscQVfspJ30zB_9sqlparser3ast7visitor7Visitor15pre_visit_query
FNDA:0,_RNCNCNvXNvNtCs7hk0fIitb2P_7sql_cov6parser24is_correlated_expressionNtB6_18UnqualifiedVisitorNtNtNtCscQVfspJ30zB_9sqlparser3ast7visitor7Visitor14pre_visit_exprs0_00Ba_
FNDA:357,_RNCNCNvXNvNtCs7hk0fIitb2P_7sql_cov6parser24is_correlated_expressionNtB6_18UnqualifiedVisitorNtNtNtCscQVfspJ30zB_9sqlparser3ast7visitor7Visitor14pre_visit_exprs_00Ba_
FNDA:0,_RNCNvNtCs7hk0fIitb2P_7sql_cov6parser11analyze_sql0B5_
FNDA:366,_RNCNvNtCs7hk0fIitb2P_7sql_cov6parser15location_offsets_0B5_
FNDA:4615,_RNCNvNtCs7hk0fIitb2P_7sql_cov6parser27collect_exprs_with_resolver0B5_
FNDA:376,_RNCNvXNvNtCs7hk0fIitb2P_7sql_cov6parser24is_correlated_expressionNtB4_18UnqualifiedVisitorNtNtNtCscQVfspJ30zB_9sqlparser3ast7visitor7Visitor14pre_visit_expr0B8_
FNDA:0,_RNCNvXNvNtCs7hk0fIitb2P_7sql_cov6parser24is_correlated_expressionNtB4_18UnqualifiedVisitorNtNtNtCscQVfspJ30zB_9sqlparser3ast7visitor7Visitor14pre_visit_exprs0_0B8_
FNDA:376,_RNCNvXNvNtCs7hk0fIitb2P_7sql_cov6parser24is_correlated_expressionNtB4_18UnqualifiedVisitorNtNtNtCscQVfspJ30zB_9sqlparser3ast7visitor7Visitor14pre_visit_exprs_0B8_
FNDA:0,_RNCNCNvXNvNtCs8VZTiruxtkl_7sql_cov6parser24is_correlated_expressionNtB6_18UnqualifiedVisitorNtNtNtCscQVfspJ30zB_9sqlparser3ast7visitor7Visitor14pre_visit_exprs0_00Ba_
FNDA:0,_RNCNCNvXNvNtCs8VZTiruxtkl_7sql_cov6parser24is_correlated_expressionNtB6_18UnqualifiedVisitorNtNtNtCscQVfspJ30zB_9sqlparser3ast7visitor7Visitor14pre_visit_exprs_00Ba_
FNDA:0,_RNCNvNtCs8VZTiruxtkl_7sql_cov6parser11analyze_sql0B5_
FNDA:0,_RNCNvNtCs8VZTiruxtkl_7sql_cov6parser15location_offsets_0B5_
FNDA:0,_RNCNvNtCs8VZTiruxtkl_7sql_cov6parser27collect_exprs_with_resolver0B5_
FNDA:0,_RNCNvXNvNtCs8VZTiruxtkl_7sql_cov6parser24is_correlated_expressionNtB4_18UnqualifiedVisitorNtNtNtCscQVfspJ30zB_9sqlparser3ast7visitor7Visitor14pre_visit_expr0B8_
FNDA:0,_RNCNvXNvNtCs8VZTiruxtkl_7sql_cov6parser24is_correlated_expressionNtB4_18UnqualifiedVisitorNtNtNtCscQVfspJ30zB_9sqlparser3ast7visitor7Visitor14pre_visit_exprs0_0B8_
FNDA:0,_RNCNvXNvNtCs8VZTiruxtkl_7sql_cov6parser24is_correlated_expressionNtB4_18UnqualifiedVisitorNtNtNtCscQVfspJ30zB_9sqlparser3ast7visitor7Visitor14pre_visit_exprs_0B8_
FNDA:0,_RNvMNtCs8VZTiruxtkl_7sql_cov6parserNtB2_11DialectName5parse
FNDA:0,_RNvMNtCs8VZTiruxtkl_7sql_cov6parserNtB2_11DialectName6as_str
FNDA:0,_RNvNtCs8VZTiruxtkl_7sql_cov6parser11analyze_sql
FNDA:0,_RNvNtCs8VZTiruxtkl_7sql_cov6parser14is_local_alias
FNDA:0,_RNvNtCs8VZTiruxtkl_7sql_cov6parser14traverse_query
FNDA:0,_RNvNtCs8VZTiruxtkl_7sql_cov6parser15expression_span
FNDA:0,_RNvNtCs8VZTiruxtkl_7sql_cov6parser15join_expression
FNDA:0,_RNvNtCs8VZTiruxtkl_7sql_cov6parser15location_offset
FNDA:0,_RNvNtCs8VZTiruxtkl_7sql_cov6parser15traverse_select
FNDA:0,_RNvNtCs8VZTiruxtkl_7sql_cov6parser17traverse_set_expr
FNDA:0,_RNvNtCs8VZTiruxtkl_7sql_cov6parser22is_coverage_expression
FNDA:0,_RNvNtCs8VZTiruxtkl_7sql_cov6parser24is_correlated_expression
FNDA:0,_RNvNtCs8VZTiruxtkl_7sql_cov6parser25find_coverage_expressions
FNDA:0,_RNvNtCs8VZTiruxtkl_7sql_cov6parser27anonymous_parameter_indices
FNDA:0,_RNvNtCs8VZTiruxtkl_7sql_cov6parser27collect_exprs_with_resolver
FNDA:0,_RNvXNvNtCs8VZTiruxtkl_7sql_cov6parser24is_correlated_expressionNtB2_18UnqualifiedVisitorNtNtNtCscQVfspJ30zB_9sqlparser3ast7visitor7Visitor14pre_visit_expr
FNDA:0,_RNvXs_NtCs8VZTiruxtkl_7sql_cov6parserNtB4_17SubqueryCollectorNtNtNtCscQVfspJ30zB_9sqlparser3ast7visitor7Visitor15pre_visit_query
FNF:25
FNH:22
DA:22,31
DA:23,31
DA:24,31
DA:25,22
DA:26,13
DA:27,3
DA:28,3
DA:31,31
DA:33,246
DA:34,246
DA:35,129
DA:36,68
DA:37,49
DA:39,246
DA:56,123
DA:57,123
DA:58,123
DA:59,123
DA:60,123
DA:61,123
DA:62,123
DA:63,116
DA:64,2
DA:65,5
DA:67,123
DA:68,123
DA:69,123
DA:70,123
DA:71,123
DA:72,123
DA:73,123
DA:75,123
DA:76,123
DA:78,134
DA:79,134
DA:80,134
DA:81,134
DA:82,134
DA:83,134
DA:84,134
DA:85,134
DA:86,134
DA:87,134
DA:88,134
DA:89,40
DA:93,40
DA:96,94
DA:97,94
DA:98,94
DA:99,94
DA:100,94
DA:101,94
DA:102,94
DA:103,94
DA:104,94
DA:105,0
DA:108,123
DA:109,123
DA:110,123
DA:111,123
DA:112,123
DA:113,123
DA:114,123
DA:115,123
DA:116,123
DA:117,123
DA:118,123
DA:119,123
DA:120,123
DA:121,123
DA:122,123
DA:123,123
DA:125,238
DA:126,238
DA:127,238
DA:128,238
DA:129,238
DA:130,238
DA:131,238
DA:132,238
DA:133,238
DA:134,238
DA:135,238
DA:136,238
DA:137,79
DA:138,79
DA:139,79
DA:140,79
DA:141,79
DA:142,79
DA:143,79
DA:144,79
DA:145,79
DA:146,79
DA:147,79
DA:148,0
DA:150,214
DA:151,238
DA:152,238
DA:153,238
DA:154,238
DA:155,238
DA:156,238
DA:157,238
DA:158,238
DA:159,238
DA:160,238
DA:161,0
DA:162,238
DA:163,238
DA:165,272
DA:166,272
DA:167,272
DA:168,272
DA:169,272
DA:170,272
DA:171,272
DA:172,272
DA:173,272
DA:174,272
DA:175,272
DA:176,272
DA:177,253
DA:178,253
DA:179,253
DA:180,253
DA:181,253
DA:182,253
DA:183,253
DA:184,253
DA:185,253
DA:186,253
DA:187,253
DA:188,0
DA:190,0
DA:191,0
DA:192,0
DA:193,0
DA:194,0
DA:195,0
DA:196,0
DA:197,0
DA:198,0
DA:199,0
DA:201,17
DA:202,17
DA:203,17
DA:204,17
DA:205,17
DA:206,17
DA:207,17
DA:208,17
DA:209,17
DA:210,17
DA:211,17
DA:212,0
DA:213,17
DA:214,17
DA:215,17
DA:216,17
DA:217,17
DA:218,17
DA:219,17
DA:220,17
DA:221,17
DA:222,17
DA:223,0
DA:230,2
DA:232,272
DA:233,272
DA:235,253
DA:236,253
DA:237,253
DA:238,253
DA:239,253
DA:240,253
DA:241,253
DA:242,253
DA:243,253
DA:244,253
DA:245,253
DA:246,253
DA:247,253
DA:248,250
DA:249,250
DA:250,64
DA:251,64
DA:254,63
DA:255,64
DA:257,1
DA:258,1
DA:259,1
DA:260,1
DA:261,63
DA:262,64
DA:266,253
DA:267,253
DA:268,253
DA:269,253
DA:270,253
DA:271,253
DA:272,253
DA:273,253
DA:274,253
DA:275,253
DA:277,253
DA:278,162
DA:279,162
DA:280,162
DA:282,162
DA:283,162
DA:284,162
DA:285,162
DA:286,162
DA:287,0
DA:288,162
DA:289,136
DA:290,136
DA:291,136
DA:292,136
DA:293,136
DA:294,136
DA:295,91
DA:297,253
DA:298,0
DA:299,0
DA:300,0
DA:302,0
DA:303,0
DA:304,0
DA:305,0
DA:306,0
DA:307,0
DA:308,0
DA:309,0
DA:310,0
DA:312,253
DA:314,253
DA:315,250
DA:316,250
DA:317,64
DA:318,64
DA:319,60
DA:320,60
DA:321,60
DA:323,60
DA:324,60
DA:325,60
DA:326,60
DA:327,60
DA:328,0
DA:329,60
DA:330,60
DA:331,60
DA:332,60
DA:333,60
DA:334,60
DA:335,60
DA:336,60
DA:337,4
DA:338,64
DA:343,253
DA:344,253
DA:345,162
DA:346,162
DA:347,253
DA:348,0
DA:349,253
DA:350,853
DA:351,853
DA:352,853
DA:353,253
DA:354,250
DA:355,250
DA:356,64
DA:357,64
DA:358,60
DA:359,60
DA:363,253
DA:364,65
DA:365,65
DA:366,65
DA:367,65
DA:368,65
DA:369,65
DA:370,65
DA:371,65
DA:372,0
DA:375,253
DA:376,253
DA:386,65
DA:387,65
DA:388,65
DA:389,65
DA:397,222
DA:398,222
DA:399,222
DA:400,222
DA:401,222
DA:402,222
DA:403,222
DA:404,222
DA:405,222
DA:406,222
DA:407,222
DA:408,222
DA:409,222
DA:410,581
DA:411,581
DA:412,581
DA:414,0
DA:417,581
DA:419,581
DA:420,127
DA:421,127
DA:422,127
DA:423,53
DA:424,74
DA:426,454
DA:428,4615
DA:429,4615
DA:430,288
DA:431,0
DA:432,4615
DA:433,0
DA:434,0
DA:435,0
DA:436,0
DA:437,0
DA:438,581
DA:439,581
DA:440,581
DA:441,477
DA:442,477
DA:443,581
DA:444,581
DA:445,581
DA:446,581
DA:447,581
DA:448,581
DA:449,581
DA:451,222
DA:452,222
DA:454,1393
DA:455,1393
DA:456,1393
DA:457,1393
DA:458,1393
DA:459,1393
DA:460,1393
DA:461,581
DA:462,581
DA:463,581
DA:464,581
DA:465,581
DA:466,581
DA:467,812
DA:469,1393
DA:470,14
DA:471,14
DA:472,14
DA:473,539
DA:474,539
DA:475,539
DA:476,539
DA:477,2
DA:478,2
DA:479,2
DA:480,2
DA:481,2
DA:482,7
DA:483,7
DA:484,16
DA:485,16
DA:486,16
DA:488,2
DA:489,2
DA:490,2
DA:491,2
DA:492,7
DA:493,1
DA:494,1
DA:495,1
DA:496,1
DA:497,1
DA:498,15
DA:499,15
DA:500,15
DA:501,1
DA:502,2
DA:503,2
DA:504,2
DA:505,2
DA:506,13
DA:507,13
DA:508,22
DA:509,22
DA:510,22
DA:511,22
DA:512,22
DA:513,22
DA:514,22
DA:515,0
DA:518,0
DA:519,0
DA:520,0
DA:521,0
DA:522,0
DA:523,0
DA:524,0
DA:529,0
DA:531,2
DA:532,2
DA:533,1
DA:534,1
DA:535,2
DA:536,2
DA:537,2
DA:538,2
DA:539,2
DA:540,2
DA:541,2
DA:543,797
DA:545,1393
DA:547,581
DA:548,581
DA:549,581
DA:550,581
DA:551,581
DA:552,581
DA:553,596
DA:554,596
DA:555,104
DA:556,492
DA:566,2589
DA:567,2589
DA:568,360
DA:569,360
DA:570,376
DA:571,376
DA:572,376
DA:573,376
DA:574,360
DA:575,325
DA:576,0
DA:577,0
DA:578,325
DA:579,0
DA:580,0
DA:581,325
DA:582,35
DA:583,2229
DA:584,2589
DA:585,2589
DA:587,477
DA:588,477
DA:589,477
DA:590,477
DA:591,477
DA:592,477
DA:593,477
DA:594,581
DA:596,104
DA:597,104
DA:598,104
DA:600,1393
DA:601,1393
DA:602,539
DA:603,539
DA:628,42
DA:629,812
DA:631,1393
DA:633,581
DA:634,581
DA:635,581
DA:636,0
DA:637,581
DA:638,581
DA:639,581
DA:640,581
DA:641,581
DA:642,0
DA:643,581
DA:644,581
DA:645,581
DA:646,581
DA:647,0
DA:648,581
DA:651,581
DA:652,581
DA:653,581
DA:654,581
DA:655,581
DA:656,581
DA:657,581
DA:658,581
DA:659,581
DA:660,566
DA:661,581
DA:671,581
DA:673,581
DA:675,581
DA:676,581
DA:677,581
DA:678,581
DA:679,581
DA:680,581
DA:681,1664964
DA:682,1664383
DA:683,1664383
DA:684,27385
DA:685,4381
DA:686,0
DA:687,0
DA:688,4381
DA:689,4381
DA:690,23004
DA:691,1636998
DA:692,4381
DA:693,1632617
DA:694,970
DA:695,269
DA:696,701
DA:697,970
DA:698,1631647
DA:699,1664383
DA:701,581
DA:702,581
DA:704,1162
DA:705,1162
DA:706,0
DA:707,1162
DA:708,1162
DA:709,1162
DA:710,1162
DA:711,1162
DA:712,1162
DA:713,1162
DA:714,1162
DA:715,1162
DA:716,1162
DA:717,1162
DA:718,1162
DA:719,1162
DA:720,1162
DA:722,128
DA:723,128
DA:724,26
DA:725,2
DA:726,88
DA:727,0
DA:728,0
DA:729,0
DA:730,2
DA:731,4
DA:732,0
DA:733,2
DA:734,0
DA:735,2
DA:736,0
DA:737,0
DA:738,128
DA:739,0
DA:741,128
DA:742,120
DA:743,8
DA:745,128
BRF:0
BRH:0
LF:575
LH:506
end_of_record
SF:/home/yahn/easy-vm/gems/sql-cov/src/reporter.rs
FN:105,_RNvNtCs7hk0fIitb2P_7sql_cov8reporter18highlighted_source
FN:142,_RNvNtCs7hk0fIitb2P_7sql_cov8reporter19push_source_segment
FN:54,_RNvNtCs7hk0fIitb2P_7sql_cov8reporter4html
FN:5,_RNvNtCs7hk0fIitb2P_7sql_cov8reporter4json
FN:9,_RNvNtCs7hk0fIitb2P_7sql_cov8reporter4lcov
FN:97,_RNCNvNtCs7hk0fIitb2P_7sql_cov8reporter4html0B5_
FN:16,_RNCNvNtCs7hk0fIitb2P_7sql_cov8reporter4lcov0B5_
FN:49,_RNCNvNtCs7hk0fIitb2P_7sql_cov8reporter4lcovs0_0B5_
FN:97,_RNCNvNtCs8VZTiruxtkl_7sql_cov8reporter4html0B5_
FN:16,_RNCNvNtCs8VZTiruxtkl_7sql_cov8reporter4lcov0B5_
FN:49,_RNCNvNtCs8VZTiruxtkl_7sql_cov8reporter4lcovs0_0B5_
FN:105,_RNvNtCs8VZTiruxtkl_7sql_cov8reporter18highlighted_source
FN:142,_RNvNtCs8VZTiruxtkl_7sql_cov8reporter19push_source_segment
FN:54,_RNvNtCs8VZTiruxtkl_7sql_cov8reporter4html
FN:5,_RNvNtCs8VZTiruxtkl_7sql_cov8reporter4json
FN:9,_RNvNtCs8VZTiruxtkl_7sql_cov8reporter4lcov
FNDA:3,_RNvNtCs7hk0fIitb2P_7sql_cov8reporter18highlighted_source
FNDA:7,_RNvNtCs7hk0fIitb2P_7sql_cov8reporter19push_source_segment
FNDA:3,_RNvNtCs7hk0fIitb2P_7sql_cov8reporter4html
FNDA:3,_RNvNtCs7hk0fIitb2P_7sql_cov8reporter4json
FNDA:3,_RNvNtCs7hk0fIitb2P_7sql_cov8reporter4lcov
FNDA:1,_RNCNvNtCs7hk0fIitb2P_7sql_cov8reporter4html0B5_
FNDA:0,_RNCNvNtCs7hk0fIitb2P_7sql_cov8reporter4lcov0B5_
FNDA:6,_RNCNvNtCs7hk0fIitb2P_7sql_cov8reporter4lcovs0_0B5_
FNDA:0,_RNCNvNtCs8VZTiruxtkl_7sql_cov8reporter4html0B5_
FNDA:0,_RNCNvNtCs8VZTiruxtkl_7sql_cov8reporter4lcov0B5_
FNDA:0,_RNCNvNtCs8VZTiruxtkl_7sql_cov8reporter4lcovs0_0B5_
FNDA:0,_RNvNtCs8VZTiruxtkl_7sql_cov8reporter18highlighted_source
FNDA:0,_RNvNtCs8VZTiruxtkl_7sql_cov8reporter19push_source_segment
FNDA:0,_RNvNtCs8VZTiruxtkl_7sql_cov8reporter4html
FNDA:0,_RNvNtCs8VZTiruxtkl_7sql_cov8reporter4json
FNDA:0,_RNvNtCs8VZTiruxtkl_7sql_cov8reporter4lcov
FNF:8
FNH:7
DA:5,3
DA:6,3
DA:7,3
DA:9,3
DA:10,3
DA:11,3
DA:12,3
DA:13,6
DA:14,6
DA:15,6
DA:16,6
DA:17,6
DA:20,3
DA:21,3
DA:22,9
DA:23,9
DA:24,9
DA:25,9
DA:26,9
DA:27,9
DA:28,9
DA:29,27
DA:30,27
DA:31,5
DA:33,22
DA:35,27
DA:36,27
DA:37,27
DA:38,27
DA:39,27
DA:40,27
DA:43,6
DA:44,6
DA:45,6
DA:46,3
DA:48,3
DA:49,6
DA:51,3
DA:52,3
DA:54,3
DA:55,3
DA:56,3
DA:57,3
DA:58,0
DA:60,3
DA:62,3
DA:63,10
DA:64,10
DA:65,1
DA:66,9
DA:67,1
DA:68,8
DA:69,4
DA:71,4
DA:73,10
DA:74,10
DA:75,10
DA:76,10
DA:77,10
DA:78,10
DA:79,10
DA:80,10
DA:81,10
DA:83,3
DA:87,3
DA:88,3
DA:89,3
DA:90,2
DA:92,1
DA:94,1
DA:95,1
DA:96,1
DA:97,1
DA:98,1
DA:101,3
DA:103,3
DA:105,3
DA:106,3
DA:107,10
DA:108,10
DA:109,1
DA:110,9
DA:111,1
DA:112,8
DA:113,4
DA:115,4
DA:117,10
DA:118,114
DA:119,114
DA:120,114
DA:123,3
DA:124,3
DA:125,3
DA:126,113
DA:127,113
DA:128,113
DA:129,4
DA:130,4
DA:131,4
DA:132,4
DA:133,4
DA:134,4
DA:135,4
DA:136,109
DA:138,3
DA:139,3
DA:140,3
DA:142,7
DA:143,7
DA:144,7
DA:145,0
DA:146,1
DA:147,1
DA:148,1
DA:150,4
DA:151,4
DA:154,3
DA:155,7
BRF:0
BRH:0
LF:121
LH:118
end_of_record
SF:/home/yahn/easy-vm/gems/sql-cov/src/sarif.rs
FN:16,_RNCNvNtCs7hk0fIitb2P_7sql_cov5sarif12hazard_sarif0B5_
FN:66,_RNCNvNtCs7hk0fIitb2P_7sql_cov5sarif12hazard_sarifs0_0B5_
FN:66,_RNCNvNtCs7hk0fIitb2P_7sql_cov5sarif12hazard_sarifs1_0B5_
FN:66,_RNCNvNtCs7hk0fIitb2P_7sql_cov5sarif12hazard_sarifs2_0B5_
FN:68,_RNCNvNtCs7hk0fIitb2P_7sql_cov5sarif12hazard_sarifs3_0B5_
FN:75,_RNCNvNtCs7hk0fIitb2P_7sql_cov5sarif12hazard_sarifs4_0B5_
FN:86,_RNCNvNtCs7hk0fIitb2P_7sql_cov5sarif12hazard_sarifs5_0B5_
FN:88,_RNCNvNtCs7hk0fIitb2P_7sql_cov5sarif12hazard_sarifs6_0B5_
FN:95,_RNCNvNtCs7hk0fIitb2P_7sql_cov5sarif12hazard_sarifs7_0B5_
FN:63,_RNCNvNtCs7hk0fIitb2P_7sql_cov5sarif12hazard_sarifs_0B5_
FN:6,_RNvNtCs7hk0fIitb2P_7sql_cov5sarif11hazard_json
FN:10,_RNvNtCs7hk0fIitb2P_7sql_cov5sarif12hazard_sarif
FN:16,_RNCNvNtCs8VZTiruxtkl_7sql_cov5sarif12hazard_sarif0B5_
FN:66,_RNCNvNtCs8VZTiruxtkl_7sql_cov5sarif12hazard_sarifs0_0B5_
FN:66,_RNCNvNtCs8VZTiruxtkl_7sql_cov5sarif12hazard_sarifs1_0B5_
FN:66,_RNCNvNtCs8VZTiruxtkl_7sql_cov5sarif12hazard_sarifs2_0B5_
FN:68,_RNCNvNtCs8VZTiruxtkl_7sql_cov5sarif12hazard_sarifs3_0B5_
FN:75,_RNCNvNtCs8VZTiruxtkl_7sql_cov5sarif12hazard_sarifs4_0B5_
FN:86,_RNCNvNtCs8VZTiruxtkl_7sql_cov5sarif12hazard_sarifs5_0B5_
FN:88,_RNCNvNtCs8VZTiruxtkl_7sql_cov5sarif12hazard_sarifs6_0B5_
FN:95,_RNCNvNtCs8VZTiruxtkl_7sql_cov5sarif12hazard_sarifs7_0B5_
FN:63,_RNCNvNtCs8VZTiruxtkl_7sql_cov5sarif12hazard_sarifs_0B5_
FN:6,_RNvNtCs8VZTiruxtkl_7sql_cov5sarif11hazard_json
FN:10,_RNvNtCs8VZTiruxtkl_7sql_cov5sarif12hazard_sarif
FNDA:4,_RNCNvNtCs7hk0fIitb2P_7sql_cov5sarif12hazard_sarif0B5_
FNDA:1,_RNCNvNtCs7hk0fIitb2P_7sql_cov5sarif12hazard_sarifs0_0B5_
FNDA:1,_RNCNvNtCs7hk0fIitb2P_7sql_cov5sarif12hazard_sarifs1_0B5_
FNDA:1,_RNCNvNtCs7hk0fIitb2P_7sql_cov5sarif12hazard_sarifs2_0B5_
FNDA:3,_RNCNvNtCs7hk0fIitb2P_7sql_cov5sarif12hazard_sarifs3_0B5_
FNDA:3,_RNCNvNtCs7hk0fIitb2P_7sql_cov5sarif12hazard_sarifs4_0B5_
FNDA:1,_RNCNvNtCs7hk0fIitb2P_7sql_cov5sarif12hazard_sarifs5_0B5_
FNDA:3,_RNCNvNtCs7hk0fIitb2P_7sql_cov5sarif12hazard_sarifs6_0B5_
FNDA:3,_RNCNvNtCs7hk0fIitb2P_7sql_cov5sarif12hazard_sarifs7_0B5_
FNDA:1,_RNCNvNtCs7hk0fIitb2P_7sql_cov5sarif12hazard_sarifs_0B5_
FNDA:1,_RNvNtCs7hk0fIitb2P_7sql_cov5sarif11hazard_json
FNDA:4,_RNvNtCs7hk0fIitb2P_7sql_cov5sarif12hazard_sarif
FNDA:0,_RNCNvNtCs8VZTiruxtkl_7sql_cov5sarif12hazard_sarif0B5_
FNDA:0,_RNCNvNtCs8VZTiruxtkl_7sql_cov5sarif12hazard_sarifs0_0B5_
FNDA:0,_RNCNvNtCs8VZTiruxtkl_7sql_cov5sarif12hazard_sarifs1_0B5_
FNDA:0,_RNCNvNtCs8VZTiruxtkl_7sql_cov5sarif12hazard_sarifs2_0B5_
FNDA:0,_RNCNvNtCs8VZTiruxtkl_7sql_cov5sarif12hazard_sarifs3_0B5_
FNDA:0,_RNCNvNtCs8VZTiruxtkl_7sql_cov5sarif12hazard_sarifs4_0B5_
FNDA:0,_RNCNvNtCs8VZTiruxtkl_7sql_cov5sarif12hazard_sarifs5_0B5_
FNDA:0,_RNCNvNtCs8VZTiruxtkl_7sql_cov5sarif12hazard_sarifs6_0B5_
FNDA:0,_RNCNvNtCs8VZTiruxtkl_7sql_cov5sarif12hazard_sarifs7_0B5_
FNDA:0,_RNCNvNtCs8VZTiruxtkl_7sql_cov5sarif12hazard_sarifs_0B5_
FNDA:0,_RNvNtCs8VZTiruxtkl_7sql_cov5sarif11hazard_json
FNDA:0,_RNvNtCs8VZTiruxtkl_7sql_cov5sarif12hazard_sarif
FNF:12
FNH:12
DA:6,1
DA:7,1
DA:8,1
DA:10,4
DA:11,4
DA:12,4
DA:15,4
DA:16,4
DA:17,4
DA:18,4
DA:19,4
DA:20,4
DA:21,4
DA:22,4
DA:23,4
DA:24,4
DA:25,4
DA:26,4
DA:29,4
DA:31,4
DA:32,4
DA:33,4
DA:34,4
DA:35,4
DA:37,4
DA:38,4
DA:39,4
DA:40,4
DA:41,4
DA:42,4
DA:43,4
DA:44,4
DA:45,4
DA:49,4
DA:50,4
DA:51,4
DA:52,4
DA:53,4
DA:54,4
DA:55,4
DA:61,4
DA:62,1
DA:63,1
DA:64,1
DA:66,1
DA:67,3
DA:68,3
DA:69,3
DA:70,3
DA:71,2
DA:72,1
DA:74,3
DA:75,3
DA:76,3
DA:77,3
DA:78,0
DA:79,0
DA:80,3
DA:81,0
DA:83,0
DA:86,1
DA:87,3
DA:88,3
DA:89,3
DA:90,3
DA:91,2
DA:92,1
DA:94,3
DA:95,3
DA:96,3
DA:97,3
DA:98,0
DA:99,0
DA:100,3
DA:101,0
DA:103,0
DA:105,0
DA:106,0
DA:107,3
DA:109,4
DA:110,4
DA:111,4
DA:112,4
DA:113,4
DA:114,4
DA:115,4
DA:116,4
DA:117,4
DA:118,4
DA:121,4
DA:122,4
DA:123,4
DA:124,4
DA:125,4
DA:129,4
DA:130,4
BRF:0
BRH:0
LF:106
LH:96
end_of_record
SF:/home/yahn/easy-vm/gems/sql-cov/src/schema.rs
FN:129,_RNCNvMNtCs7hk0fIitb2P_7sql_cov6schemaNtB4_13SchemaCatalog13insert_column0B6_
FN:153,_RNCNvNtCs7hk0fIitb2P_7sql_cov6schema20normalize_identifier0B5_
FN:41,_RNCNCNvMNtCs7hk0fIitb2P_7sql_cov6schemaNtB6_13SchemaCatalog11load_sqlite00B8_
FN:97,_RNCNvMNtCs7hk0fIitb2P_7sql_cov6schemaNtB4_13SchemaCatalog10load_mysql0B6_
FN:25,_RNCNvMNtCs7hk0fIitb2P_7sql_cov6schemaNtB4_13SchemaCatalog11load_sqlite0B6_
FN:64,_RNCNvMNtCs7hk0fIitb2P_7sql_cov6schemaNtB4_13SchemaCatalog13load_postgres0B6_
FN:97,_RNvMNtCs7hk0fIitb2P_7sql_cov6schemaNtB2_13SchemaCatalog10load_mysql
FN:25,_RNvMNtCs7hk0fIitb2P_7sql_cov6schemaNtB2_13SchemaCatalog11load_sqlite
FN:118,_RNvMNtCs7hk0fIitb2P_7sql_cov6schemaNtB2_13SchemaCatalog13insert_column
FN:64,_RNvMNtCs7hk0fIitb2P_7sql_cov6schemaNtB2_13SchemaCatalog13load_postgres
FN:142,_RNvMNtCs7hk0fIitb2P_7sql_cov6schemaNtB2_13SchemaCatalog6column
FN:150,_RNvNtCs7hk0fIitb2P_7sql_cov6schema20normalize_identifier
FN:41,_RNCNCNvMNtCs7hk0fIitb2P_7sql_cov6schemaNtB6_13SchemaCatalog11load_sqlite00CskUcrNziZ81X_8dialects
FN:25,_RNCNvMNtCs7hk0fIitb2P_7sql_cov6schemaNtB4_13SchemaCatalog11load_sqlite0CskUcrNziZ81X_8dialects
FN:41,_RNCNCNvMNtCs7hk0fIitb2P_7sql_cov6schemaNtB6_13SchemaCatalog11load_sqlite00CskUZ1FADO4Ub_7hazards
FN:25,_RNCNvMNtCs7hk0fIitb2P_7sql_cov6schemaNtB4_13SchemaCatalog11load_sqlite0CskUZ1FADO4Ub_7hazards
FN:41,_RNCNCNvMNtCs7hk0fIitb2P_7sql_cov6schemaNtB6_13SchemaCatalog11load_sqlite00Cs2CH8IrJm32n_15lineage_queries
FN:25,_RNCNvMNtCs7hk0fIitb2P_7sql_cov6schemaNtB4_13SchemaCatalog11load_sqlite0Cs2CH8IrJm32n_15lineage_queries
FN:97,_RNCNvMNtCs7hk0fIitb2P_7sql_cov6schemaNtB4_13SchemaCatalog10load_mysql0CsdM2rCBvY2zk_14live_databases
FN:64,_RNCNvMNtCs7hk0fIitb2P_7sql_cov6schemaNtB4_13SchemaCatalog13load_postgres0CsdM2rCBvY2zk_14live_databases
FN:41,_RNCNCNvMNtCs7hk0fIitb2P_7sql_cov6schemaNtB6_13SchemaCatalog11load_sqlite00Cs1TktSrwTWG2_22quantified_comparisons
FN:25,_RNCNvMNtCs7hk0fIitb2P_7sql_cov6schemaNtB4_13SchemaCatalog11load_sqlite0Cs1TktSrwTWG2_22quantified_comparisons
FN:41,_RNCNCNvMNtCs7hk0fIitb2P_7sql_cov6schemaNtB6_13SchemaCatalog11load_sqlite00CsgUOidihfyPX_13schema_driver
FN:25,_RNCNvMNtCs7hk0fIitb2P_7sql_cov6schemaNtB4_13SchemaCatalog11load_sqlite0CsgUOidihfyPX_13schema_driver
FN:41,_RNCNCNvMNtCs8VZTiruxtkl_7sql_cov6schemaNtB6_13SchemaCatalog11load_sqlite00B8_
FN:97,_RNCNvMNtCs8VZTiruxtkl_7sql_cov6schemaNtB4_13SchemaCatalog10load_mysql0B6_
FN:25,_RNCNvMNtCs8VZTiruxtkl_7sql_cov6schemaNtB4_13SchemaCatalog11load_sqlite0B6_
FN:129,_RNCNvMNtCs8VZTiruxtkl_7sql_cov6schemaNtB4_13SchemaCatalog13insert_column0B6_
FN:64,_RNCNvMNtCs8VZTiruxtkl_7sql_cov6schemaNtB4_13SchemaCatalog13load_postgres0B6_
FN:153,_RNCNvNtCs8VZTiruxtkl_7sql_cov6schema20normalize_identifier0B5_
FN:97,_RNvMNtCs8VZTiruxtkl_7sql_cov6schemaNtB2_13SchemaCatalog10load_mysql
FN:25,_RNvMNtCs8VZTiruxtkl_7sql_cov6schemaNtB2_13SchemaCatalog11load_sqlite
FN:118,_RNvMNtCs8VZTiruxtkl_7sql_cov6schemaNtB2_13SchemaCatalog13insert_column
FN:64,_RNvMNtCs8VZTiruxtkl_7sql_cov6schemaNtB2_13SchemaCatalog13load_postgres
FN:142,_RNvMNtCs8VZTiruxtkl_7sql_cov6schemaNtB2_13SchemaCatalog6column
FN:150,_RNvNtCs8VZTiruxtkl_7sql_cov6schema20normalize_identifier
FN:41,_RNCNCNvMNtCs7hk0fIitb2P_7sql_cov6schemaNtB6_13SchemaCatalog11load_sqlite00Cs9aIdCWK8beB_7sql_cov
FN:97,_RNCNvMNtCs7hk0fIitb2P_7sql_cov6schemaNtB4_13SchemaCatalog10load_mysql0Cs9aIdCWK8beB_7sql_cov
FN:25,_RNCNvMNtCs7hk0fIitb2P_7sql_cov6schemaNtB4_13SchemaCatalog11load_sqlite0Cs9aIdCWK8beB_7sql_cov
FN:64,_RNCNvMNtCs7hk0fIitb2P_7sql_cov6schemaNtB4_13SchemaCatalog13load_postgres0Cs9aIdCWK8beB_7sql_cov
FN:97,_RNCNvMNtCs7hk0fIitb2P_7sql_cov6schemaNtB4_13SchemaCatalog10load_mysql0CskWrnuBuhvlC_15uncovered_paths
FN:64,_RNCNvMNtCs7hk0fIitb2P_7sql_cov6schemaNtB4_13SchemaCatalog13load_postgres0CskWrnuBuhvlC_15uncovered_paths
FNDA:1,_RNCNvMNtCs7hk0fIitb2P_7sql_cov6schemaNtB4_13SchemaCatalog13insert_column0B6_
FNDA:8916,_RNCNvNtCs7hk0fIitb2P_7sql_cov6schema20normalize_identifier0B5_
FNDA:0,_RNCNCNvMNtCs7hk0fIitb2P_7sql_cov6schemaNtB6_13SchemaCatalog11load_sqlite00B8_
FNDA:0,_RNCNvMNtCs7hk0fIitb2P_7sql_cov6schemaNtB4_13SchemaCatalog10load_mysql0B6_
FNDA:0,_RNCNvMNtCs7hk0fIitb2P_7sql_cov6schemaNtB4_13SchemaCatalog11load_sqlite0B6_
FNDA:0,_RNCNvMNtCs7hk0fIitb2P_7sql_cov6schemaNtB4_13SchemaCatalog13load_postgres0B6_
FNDA:1,_RNvMNtCs7hk0fIitb2P_7sql_cov6schemaNtB2_13SchemaCatalog10load_mysql
FNDA:29,_RNvMNtCs7hk0fIitb2P_7sql_cov6schemaNtB2_13SchemaCatalog11load_sqlite
FNDA:1,_RNvMNtCs7hk0fIitb2P_7sql_cov6schemaNtB2_13SchemaCatalog13insert_column
FNDA:1,_RNvMNtCs7hk0fIitb2P_7sql_cov6schemaNtB2_13SchemaCatalog13load_postgres
FNDA:813,_RNvMNtCs7hk0fIitb2P_7sql_cov6schemaNtB2_13SchemaCatalog6column
FNDA:4970,_RNvNtCs7hk0fIitb2P_7sql_cov6schema20normalize_identifier
FNDA:0,_RNCNCNvMNtCs7hk0fIitb2P_7sql_cov6schemaNtB6_13SchemaCatalog11load_sqlite00CskUcrNziZ81X_8dialects
FNDA:1,_RNCNvMNtCs7hk0fIitb2P_7sql_cov6schemaNtB4_13SchemaCatalog11load_sqlite0CskUcrNziZ81X_8dialects
FNDA:0,_RNCNCNvMNtCs7hk0fIitb2P_7sql_cov6schemaNtB6_13SchemaCatalog11load_sqlite00CskUZ1FADO4Ub_7hazards
FNDA:6,_RNCNvMNtCs7hk0fIitb2P_7sql_cov6schemaNtB4_13SchemaCatalog11load_sqlite0CskUZ1FADO4Ub_7hazards
FNDA:0,_RNCNCNvMNtCs7hk0fIitb2P_7sql_cov6schemaNtB6_13SchemaCatalog11load_sqlite00Cs2CH8IrJm32n_15lineage_queries
FNDA:16,_RNCNvMNtCs7hk0fIitb2P_7sql_cov6schemaNtB4_13SchemaCatalog11load_sqlite0Cs2CH8IrJm32n_15lineage_queries
FNDA:0,_RNCNvMNtCs7hk0fIitb2P_7sql_cov6schemaNtB4_13SchemaCatalog10load_mysql0CsdM2rCBvY2zk_14live_databases
FNDA:0,_RNCNvMNtCs7hk0fIitb2P_7sql_cov6schemaNtB4_13SchemaCatalog13load_postgres0CsdM2rCBvY2zk_14live_databases
FNDA:0,_RNCNCNvMNtCs7hk0fIitb2P_7sql_cov6schemaNtB6_13SchemaCatalog11load_sqlite00Cs1TktSrwTWG2_22quantified_comparisons
FNDA:3,_RNCNvMNtCs7hk0fIitb2P_7sql_cov6schemaNtB4_13SchemaCatalog11load_sqlite0Cs1TktSrwTWG2_22quantified_comparisons
FNDA:0,_RNCNCNvMNtCs7hk0fIitb2P_7sql_cov6schemaNtB6_13SchemaCatalog11load_sqlite00CsgUOidihfyPX_13schema_driver
FNDA:1,_RNCNvMNtCs7hk0fIitb2P_7sql_cov6schemaNtB4_13SchemaCatalog11load_sqlite0CsgUOidihfyPX_13schema_driver
FNDA:0,_RNCNCNvMNtCs8VZTiruxtkl_7sql_cov6schemaNtB6_13SchemaCatalog11load_sqlite00B8_
FNDA:0,_RNCNvMNtCs8VZTiruxtkl_7sql_cov6schemaNtB4_13SchemaCatalog10load_mysql0B6_
FNDA:0,_RNCNvMNtCs8VZTiruxtkl_7sql_cov6schemaNtB4_13SchemaCatalog11load_sqlite0B6_
FNDA:0,_RNCNvMNtCs8VZTiruxtkl_7sql_cov6schemaNtB4_13SchemaCatalog13insert_column0B6_
FNDA:0,_RNCNvMNtCs8VZTiruxtkl_7sql_cov6schemaNtB4_13SchemaCatalog13load_postgres0B6_
FNDA:0,_RNCNvNtCs8VZTiruxtkl_7sql_cov6schema20normalize_identifier0B5_
FNDA:0,_RNvMNtCs8VZTiruxtkl_7sql_cov6schemaNtB2_13SchemaCatalog10load_mysql
FNDA:0,_RNvMNtCs8VZTiruxtkl_7sql_cov6schemaNtB2_13SchemaCatalog11load_sqlite
FNDA:0,_RNvMNtCs8VZTiruxtkl_7sql_cov6schemaNtB2_13SchemaCatalog13insert_column
FNDA:0,_RNvMNtCs8VZTiruxtkl_7sql_cov6schemaNtB2_13SchemaCatalog13load_postgres
FNDA:0,_RNvMNtCs8VZTiruxtkl_7sql_cov6schemaNtB2_13SchemaCatalog6column
FNDA:0,_RNvNtCs8VZTiruxtkl_7sql_cov6schema20normalize_identifier
FNDA:0,_RNCNCNvMNtCs7hk0fIitb2P_7sql_cov6schemaNtB6_13SchemaCatalog11load_sqlite00Cs9aIdCWK8beB_7sql_cov
FNDA:0,_RNCNvMNtCs7hk0fIitb2P_7sql_cov6schemaNtB4_13SchemaCatalog10load_mysql0Cs9aIdCWK8beB_7sql_cov
FNDA:2,_RNCNvMNtCs7hk0fIitb2P_7sql_cov6schemaNtB4_13SchemaCatalog11load_sqlite0Cs9aIdCWK8beB_7sql_cov
FNDA:0,_RNCNvMNtCs7hk0fIitb2P_7sql_cov6schemaNtB4_13SchemaCatalog13load_postgres0Cs9aIdCWK8beB_7sql_cov
FNDA:1,_RNCNvMNtCs7hk0fIitb2P_7sql_cov6schemaNtB4_13SchemaCatalog10load_mysql0CskWrnuBuhvlC_15uncovered_paths
FNDA:1,_RNCNvMNtCs7hk0fIitb2P_7sql_cov6schemaNtB4_13SchemaCatalog13load_postgres0CskWrnuBuhvlC_15uncovered_paths
FNF:12
FNH:11
DA:25,29
DA:26,29
DA:27,29
DA:28,29
DA:29,29
DA:30,29
DA:31,29
DA:32,29
DA:33,151
DA:34,151
DA:35,151
DA:36,151
DA:37,151
DA:38,151
DA:39,151
DA:40,151
DA:41,151
DA:42,151
DA:43,151
DA:44,151
DA:45,151
DA:46,1111
DA:47,1111
DA:48,1111
DA:49,1111
DA:50,1111
DA:51,1111
DA:52,1111
DA:53,1111
DA:54,1111
DA:55,1111
DA:56,1111
DA:59,151
DA:61,29
DA:62,29
DA:64,1
DA:65,1
DA:66,1
DA:67,1
DA:68,1
DA:69,1
DA:70,1
DA:71,1
DA:72,1
DA:73,1
DA:74,1
DA:75,1
DA:76,1
DA:77,1
DA:78,1
DA:79,1
DA:80,1
DA:81,1
DA:82,1
DA:83,1
DA:84,1
DA:85,1
DA:86,0
DA:87,0
DA:88,0
DA:89,0
DA:90,0
DA:91,0
DA:92,0
DA:94,0
DA:95,1
DA:97,1
DA:98,1
DA:99,1
DA:100,1
DA:101,1
DA:102,1
DA:103,1
DA:104,1
DA:105,1
DA:106,1
DA:107,0
DA:108,0
DA:109,0
DA:110,0
DA:111,0
DA:112,0
DA:113,0
DA:115,0
DA:116,1
DA:118,1
DA:119,1
DA:120,1
DA:121,1
DA:122,1
DA:123,1
DA:124,1
DA:125,1
DA:126,1
DA:127,1
DA:128,1
DA:129,1
DA:130,1
DA:131,1
DA:132,1
DA:133,1
DA:134,1
DA:135,1
DA:136,1
DA:137,1
DA:138,1
DA:140,1
DA:142,813
DA:143,813
DA:144,813
DA:146,484
DA:147,813
DA:150,4970
DA:151,4970
DA:152,4970
DA:153,8916
DA:154,4970
DA:155,4970
BRF:0
BRH:0
LF:123
LH:106
end_of_record